#! /usr/local/Cellar/icarus-verilog/10.3/bin/vvp
:ivl_version "10.3 (stable)" "(v10_3)";
:ivl_delay_selection "TYPICAL";
:vpi_time_precision + 0;
:vpi_module "system";
:vpi_module "vhdl_sys";
:vpi_module "v2005_math";
:vpi_module "va_math";
S_0x7f9d6f50cc50 .scope module, "Runner" "Runner" 2 22;
 .timescale 0 0;
v0x7f9d6f70fe10_0 .var "CLK", 0 0;
v0x7f9d6f70fec0_0 .net "EQU", 0 0, L_0x7f9d6f711f30;  1 drivers
v0x7f9d6f70ff60_0 .var "Q0001", 3 0;
v0x7f9d6f70fff0_0 .var "Q0010", 3 0;
v0x7f9d6f710080_0 .var "Q0100", 3 0;
v0x7f9d6f710150_0 .var "Q1000", 3 0;
v0x7f9d6f710200_0 .var "V0001", 3 0;
v0x7f9d6f7102b0_0 .var "V0010", 3 0;
v0x7f9d6f710360_0 .var "V0100", 3 0;
v0x7f9d6f710490_0 .var "V1000", 3 0;
v0x7f9d6f710520_0 .var/i "i", 31 0;
S_0x7f9d6f511010 .scope module, "genComp4D" "GenComp4D" 2 36, 2 1 0, S_0x7f9d6f50cc50;
 .timescale 0 0;
    .port_info 0 /INPUT 4 "Q1000"
    .port_info 1 /INPUT 4 "Q0100"
    .port_info 2 /INPUT 4 "Q0010"
    .port_info 3 /INPUT 4 "Q0001"
    .port_info 4 /INPUT 4 "V1000"
    .port_info 5 /INPUT 4 "V0100"
    .port_info 6 /INPUT 4 "V0010"
    .port_info 7 /INPUT 4 "V0001"
    .port_info 8 /OUTPUT 1 "EQU"
v0x7f9d6f511250_0 .net "EQU", 0 0, L_0x7f9d6f711f30;  alias, 1 drivers
v0x7f9d6f70de00_0 .net "HEXQ", 13 0, L_0x7f9d6f711170;  1 drivers
v0x7f9d6f70dec0_0 .net "HEXV", 13 0, L_0x7f9d6f711e90;  1 drivers
v0x7f9d6f70df70_0 .net "Q0001", 3 0, v0x7f9d6f70ff60_0;  1 drivers
v0x7f9d6f70e000_0 .net "Q0010", 3 0, v0x7f9d6f70fff0_0;  1 drivers
v0x7f9d6f70e0f0_0 .net "Q0100", 3 0, v0x7f9d6f710080_0;  1 drivers
v0x7f9d6f70e1a0_0 .net "Q1000", 3 0, v0x7f9d6f710150_0;  1 drivers
v0x7f9d6f70e250_0 .net "V0001", 3 0, v0x7f9d6f710200_0;  1 drivers
v0x7f9d6f70e300_0 .net "V0010", 3 0, v0x7f9d6f7102b0_0;  1 drivers
v0x7f9d6f70e410_0 .net "V0100", 3 0, v0x7f9d6f710360_0;  1 drivers
v0x7f9d6f70e4c0_0 .net "V1000", 3 0, v0x7f9d6f710490_0;  1 drivers
v0x7f9d6f70e570_0 .net *"_s0", 13 0, L_0x7f9d6f7105b0;  1 drivers
L_0x7f9d70063098 .functor BUFT 1, C4<0000000000>, C4<0>, C4<0>, C4<0>;
v0x7f9d6f70e620_0 .net *"_s11", 9 0, L_0x7f9d70063098;  1 drivers
L_0x7f9d700630e0 .functor BUFT 1, C4<00000001100100>, C4<0>, C4<0>, C4<0>;
v0x7f9d6f70e6d0_0 .net/2u *"_s12", 13 0, L_0x7f9d700630e0;  1 drivers
v0x7f9d6f70e780_0 .net *"_s15", 13 0, L_0x7f9d6f710990;  1 drivers
v0x7f9d6f70e830_0 .net *"_s16", 13 0, L_0x7f9d6f710ad0;  1 drivers
v0x7f9d6f70e8e0_0 .net *"_s18", 13 0, L_0x7f9d6f710c40;  1 drivers
L_0x7f9d70063128 .functor BUFT 1, C4<0000000000>, C4<0>, C4<0>, C4<0>;
v0x7f9d6f70ea70_0 .net *"_s21", 9 0, L_0x7f9d70063128;  1 drivers
L_0x7f9d70063170 .functor BUFT 1, C4<00000000001010>, C4<0>, C4<0>, C4<0>;
v0x7f9d6f70eb00_0 .net/2u *"_s22", 13 0, L_0x7f9d70063170;  1 drivers
v0x7f9d6f70ebb0_0 .net *"_s25", 13 0, L_0x7f9d6f710da0;  1 drivers
v0x7f9d6f70ec60_0 .net *"_s26", 13 0, L_0x7f9d6f710f00;  1 drivers
v0x7f9d6f70ed10_0 .net *"_s28", 13 0, L_0x7f9d6f711040;  1 drivers
L_0x7f9d70063008 .functor BUFT 1, C4<0000000000>, C4<0>, C4<0>, C4<0>;
v0x7f9d6f70edc0_0 .net *"_s3", 9 0, L_0x7f9d70063008;  1 drivers
L_0x7f9d700631b8 .functor BUFT 1, C4<0000000000>, C4<0>, C4<0>, C4<0>;
v0x7f9d6f70ee70_0 .net *"_s31", 9 0, L_0x7f9d700631b8;  1 drivers
v0x7f9d6f70ef20_0 .net *"_s34", 13 0, L_0x7f9d6f7112b0;  1 drivers
L_0x7f9d70063200 .functor BUFT 1, C4<0000000000>, C4<0>, C4<0>, C4<0>;
v0x7f9d6f70efd0_0 .net *"_s37", 9 0, L_0x7f9d70063200;  1 drivers
L_0x7f9d70063248 .functor BUFT 1, C4<00001111101000>, C4<0>, C4<0>, C4<0>;
v0x7f9d6f70f080_0 .net/2u *"_s38", 13 0, L_0x7f9d70063248;  1 drivers
L_0x7f9d70063050 .functor BUFT 1, C4<00001111101000>, C4<0>, C4<0>, C4<0>;
v0x7f9d6f70f130_0 .net/2u *"_s4", 13 0, L_0x7f9d70063050;  1 drivers
v0x7f9d6f70f1e0_0 .net *"_s41", 13 0, L_0x7f9d6f7114b0;  1 drivers
v0x7f9d6f70f290_0 .net *"_s42", 13 0, L_0x7f9d6f711550;  1 drivers
L_0x7f9d70063290 .functor BUFT 1, C4<0000000000>, C4<0>, C4<0>, C4<0>;
v0x7f9d6f70f340_0 .net *"_s45", 9 0, L_0x7f9d70063290;  1 drivers
L_0x7f9d700632d8 .functor BUFT 1, C4<00000001100100>, C4<0>, C4<0>, C4<0>;
v0x7f9d6f70f3f0_0 .net/2u *"_s46", 13 0, L_0x7f9d700632d8;  1 drivers
v0x7f9d6f70f4a0_0 .net *"_s49", 13 0, L_0x7f9d6f7116e0;  1 drivers
v0x7f9d6f70e990_0 .net *"_s50", 13 0, L_0x7f9d6f7117c0;  1 drivers
v0x7f9d6f70f730_0 .net *"_s52", 13 0, L_0x7f9d6f711980;  1 drivers
L_0x7f9d70063320 .functor BUFT 1, C4<0000000000>, C4<0>, C4<0>, C4<0>;
v0x7f9d6f70f7c0_0 .net *"_s55", 9 0, L_0x7f9d70063320;  1 drivers
L_0x7f9d70063368 .functor BUFT 1, C4<00000000001010>, C4<0>, C4<0>, C4<0>;
v0x7f9d6f70f860_0 .net/2u *"_s56", 13 0, L_0x7f9d70063368;  1 drivers
v0x7f9d6f70f910_0 .net *"_s59", 13 0, L_0x7f9d6f711a60;  1 drivers
v0x7f9d6f70f9c0_0 .net *"_s60", 13 0, L_0x7f9d6f711c10;  1 drivers
v0x7f9d6f70fa70_0 .net *"_s62", 13 0, L_0x7f9d6f711d10;  1 drivers
L_0x7f9d700633b0 .functor BUFT 1, C4<0000000000>, C4<0>, C4<0>, C4<0>;
v0x7f9d6f70fb20_0 .net *"_s65", 9 0, L_0x7f9d700633b0;  1 drivers
v0x7f9d6f70fbd0_0 .net *"_s7", 13 0, L_0x7f9d6f7106f0;  1 drivers
v0x7f9d6f70fc80_0 .net *"_s8", 13 0, L_0x7f9d6f710830;  1 drivers
L_0x7f9d6f7105b0 .concat [ 4 10 0 0], v0x7f9d6f710150_0, L_0x7f9d70063008;
L_0x7f9d6f7106f0 .arith/mult 14, L_0x7f9d6f7105b0, L_0x7f9d70063050;
L_0x7f9d6f710830 .concat [ 4 10 0 0], v0x7f9d6f710080_0, L_0x7f9d70063098;
L_0x7f9d6f710990 .arith/mult 14, L_0x7f9d6f710830, L_0x7f9d700630e0;
L_0x7f9d6f710ad0 .arith/sum 14, L_0x7f9d6f7106f0, L_0x7f9d6f710990;
L_0x7f9d6f710c40 .concat [ 4 10 0 0], v0x7f9d6f70fff0_0, L_0x7f9d70063128;
L_0x7f9d6f710da0 .arith/mult 14, L_0x7f9d6f710c40, L_0x7f9d70063170;
L_0x7f9d6f710f00 .arith/sum 14, L_0x7f9d6f710ad0, L_0x7f9d6f710da0;
L_0x7f9d6f711040 .concat [ 4 10 0 0], v0x7f9d6f70ff60_0, L_0x7f9d700631b8;
L_0x7f9d6f711170 .arith/sum 14, L_0x7f9d6f710f00, L_0x7f9d6f711040;
L_0x7f9d6f7112b0 .concat [ 4 10 0 0], v0x7f9d6f710490_0, L_0x7f9d70063200;
L_0x7f9d6f7114b0 .arith/mult 14, L_0x7f9d6f7112b0, L_0x7f9d70063248;
L_0x7f9d6f711550 .concat [ 4 10 0 0], v0x7f9d6f710360_0, L_0x7f9d70063290;
L_0x7f9d6f7116e0 .arith/mult 14, L_0x7f9d6f711550, L_0x7f9d700632d8;
L_0x7f9d6f7117c0 .arith/sum 14, L_0x7f9d6f7114b0, L_0x7f9d6f7116e0;
L_0x7f9d6f711980 .concat [ 4 10 0 0], v0x7f9d6f7102b0_0, L_0x7f9d70063320;
L_0x7f9d6f711a60 .arith/mult 14, L_0x7f9d6f711980, L_0x7f9d70063368;
L_0x7f9d6f711c10 .arith/sum 14, L_0x7f9d6f7117c0, L_0x7f9d6f711a60;
L_0x7f9d6f711d10 .concat [ 4 10 0 0], v0x7f9d6f710200_0, L_0x7f9d700633b0;
L_0x7f9d6f711e90 .arith/sum 14, L_0x7f9d6f711c10, L_0x7f9d6f711d10;
L_0x7f9d6f711f30 .cmp/ge 14, L_0x7f9d6f711170, L_0x7f9d6f711e90;
    .scope S_0x7f9d6f50cc50;
T_0 ;
    %pushi/vec4 0, 0, 1;
    %store/vec4 v0x7f9d6f70fe10_0, 0, 1;
    %pushi/vec4 1, 0, 4;
    %store/vec4 v0x7f9d6f710490_0, 0, 4;
    %pushi/vec4 2, 0, 4;
    %store/vec4 v0x7f9d6f710360_0, 0, 4;
    %pushi/vec4 3, 0, 4;
    %store/vec4 v0x7f9d6f7102b0_0, 0, 4;
    %pushi/vec4 4, 0, 4;
    %store/vec4 v0x7f9d6f710200_0, 0, 4;
    %pushi/vec4 0, 0, 4;
    %store/vec4 v0x7f9d6f710150_0, 0, 4;
    %pushi/vec4 0, 0, 4;
    %store/vec4 v0x7f9d6f710080_0, 0, 4;
    %pushi/vec4 0, 0, 4;
    %store/vec4 v0x7f9d6f70fff0_0, 0, 4;
    %pushi/vec4 0, 0, 4;
    %store/vec4 v0x7f9d6f70ff60_0, 0, 4;
T_0.0 ;
    %delay 1, 0;
    %load/vec4 v0x7f9d6f70fe10_0;
    %inv;
    %store/vec4 v0x7f9d6f70fe10_0, 0, 1;
    %jmp T_0.0;
    %end;
    .thread T_0;
    .scope S_0x7f9d6f50cc50;
T_1 ;
    %delay 2000, 0;
    %vpi_call 2 55 "$finish" {0 0 0};
    %end;
    .thread T_1;
    .scope S_0x7f9d6f50cc50;
T_2 ;
    %vpi_call 2 59 "$dumpfile", "Main.vcd" {0 0 0};
    %vpi_call 2 60 "$dumpvars", 32'sb00000000000000000000000000000000, v0x7f9d6f70fe10_0 {0 0 0};
    %vpi_call 2 61 "$dumpvars", 32'sb00000000000000000000000000000000, v0x7f9d6f710150_0 {0 0 0};
    %vpi_call 2 62 "$dumpvars", 32'sb00000000000000000000000000000000, v0x7f9d6f710080_0 {0 0 0};
    %vpi_call 2 63 "$dumpvars", 32'sb00000000000000000000000000000000, v0x7f9d6f70fff0_0 {0 0 0};
    %vpi_call 2 64 "$dumpvars", 32'sb00000000000000000000000000000000, v0x7f9d6f70ff60_0 {0 0 0};
    %vpi_call 2 65 "$dumpvars", 32'sb00000000000000000000000000000000, v0x7f9d6f710490_0 {0 0 0};
    %vpi_call 2 66 "$dumpvars", 32'sb00000000000000000000000000000000, v0x7f9d6f710360_0 {0 0 0};
    %vpi_call 2 67 "$dumpvars", 32'sb00000000000000000000000000000000, v0x7f9d6f7102b0_0 {0 0 0};
    %vpi_call 2 68 "$dumpvars", 32'sb00000000000000000000000000000000, v0x7f9d6f710200_0 {0 0 0};
    %vpi_call 2 69 "$dumpvars", 32'sb00000000000000000000000000000000, v0x7f9d6f70fec0_0 {0 0 0};
    %end;
    .thread T_2;
    .scope S_0x7f9d6f50cc50;
T_3 ;
    %pushi/vec4 0, 0, 32;
    %store/vec4 v0x7f9d6f710520_0, 0, 32;
    %pushi/vec4 0, 0, 4;
    %store/vec4 v0x7f9d6f710150_0, 0, 4;
    %pushi/vec4 0, 0, 4;
    %store/vec4 v0x7f9d6f710080_0, 0, 4;
    %pushi/vec4 0, 0, 4;
    %store/vec4 v0x7f9d6f70fff0_0, 0, 4;
    %pushi/vec4 0, 0, 4;
    %store/vec4 v0x7f9d6f70ff60_0, 0, 4;
T_3.0 ;
    %load/vec4 v0x7f9d6f70fec0_0;
    %inv;
    %flag_set/vec4 8;
    %jmp/0xz T_3.1, 8;
    %load/vec4 v0x7f9d6f710520_0;
    %pushi/vec4 10, 0, 32;
    %mod/s;
    %pad/s 4;
    %store/vec4 v0x7f9d6f70ff60_0, 0, 4;
    %load/vec4 v0x7f9d6f710520_0;
    %pushi/vec4 100, 0, 32;
    %mod;
    %load/vec4 v0x7f9d6f70ff60_0;
    %pad/u 32;
    %sub;
    %pushi/vec4 10, 0, 32;
    %div;
    %pad/u 4;
    %store/vec4 v0x7f9d6f70fff0_0, 0, 4;
    %load/vec4 v0x7f9d6f710520_0;
    %pushi/vec4 1000, 0, 32;
    %mod;
    %load/vec4 v0x7f9d6f70fff0_0;
    %pad/u 32;
    %sub;
    %load/vec4 v0x7f9d6f70ff60_0;
    %pad/u 32;
    %sub;
    %pushi/vec4 100, 0, 32;
    %div;
    %pad/u 4;
    %store/vec4 v0x7f9d6f710080_0, 0, 4;
    %load/vec4 v0x7f9d6f710520_0;
    %load/vec4 v0x7f9d6f710080_0;
    %pad/u 32;
    %sub;
    %load/vec4 v0x7f9d6f70fff0_0;
    %pad/u 32;
    %sub;
    %load/vec4 v0x7f9d6f70ff60_0;
    %pad/u 32;
    %sub;
    %pushi/vec4 1000, 0, 32;
    %div;
    %pad/u 4;
    %store/vec4 v0x7f9d6f710150_0, 0, 4;
    %vpi_call 2 83 "$write", "[%t] Q: %d%d%d%d\012", $time, v0x7f9d6f710150_0, v0x7f9d6f710080_0, v0x7f9d6f70fff0_0, v0x7f9d6f70ff60_0 {0 0 0};
    %load/vec4 v0x7f9d6f710520_0;
    %pushi/vec4 1, 0, 32;
    %add;
    %store/vec4 v0x7f9d6f710520_0, 0, 32;
    %delay 1, 0;
    %jmp T_3.0;
T_3.1 ;
    %jmp T_3;
    .thread T_3;
# The file index is used to find the file name in the following table.
:file_names 3;
    "N/A";
    "<interactive>";
    "/Users/koki/workspace/tus/verilog/fukui/main.v";
