#! /usr/local/Cellar/icarus-verilog/10.3/bin/vvp
:ivl_version "10.3 (stable)" "(v10_3)";
:ivl_delay_selection "TYPICAL";
:vpi_time_precision + 0;
:vpi_module "system";
:vpi_module "vhdl_sys";
:vpi_module "v2005_math";
:vpi_module "va_math";
S_0x7fd7d86003f0 .scope module, "IdeaC" "IdeaC" 2 4;
 .timescale 0 0;
    .port_info 0 /INPUT 1 "RST"
    .port_info 1 /INPUT 1 "C1K"
    .port_info 2 /INPUT 1 "CE"
    .port_info 3 /INPUT 4 "IN"
    .port_info 4 /OUTPUT 4 "VAL"
    .port_info 5 /OUTPUT 4 "LOG_LOGIC"
    .port_info 6 /OUTPUT 4 "LOG_SWITCHING"
L_0x7fd7d8424320 .functor AND 1, L_0x7fd7d84240a0, L_0x7fd7d84241a0, C4<1>, C4<1>;
L_0x7fd7d8425db0 .functor BUFZ 4, L_0x7fd7d84246e0, C4<0000>, C4<0000>, C4<0000>;
L_0x7fd7d84260e0 .functor BUFZ 4, L_0x7fd7d8425ef0, C4<0000>, C4<0000>, C4<0000>;
L_0x7fd7d84261d0 .functor BUFZ 4, v0x7fd7d84212e0_0, C4<0000>, C4<0000>, C4<0000>;
o0x10c5b97b8 .functor BUFZ 1, C4<z>; HiZ drive
v0x7fd7d8422e00_0 .net "C1K", 0 0, o0x10c5b97b8;  0 drivers
o0x10c5b91b8 .functor BUFZ 1, C4<z>; HiZ drive
v0x7fd7d8422e90_0 .net "CE", 0 0, o0x10c5b91b8;  0 drivers
o0x10c5b9008 .functor BUFZ 1, C4<z>; HiZ drive
v0x7fd7d8422f20_0 .net "CLK", 0 0, o0x10c5b9008;  0 drivers
o0x10c5b97e8 .functor BUFZ 4, C4<zzzz>; HiZ drive
v0x7fd7d8422fb0_0 .net "IN", 3 0, o0x10c5b97e8;  0 drivers
v0x7fd7d8423040_0 .var "IdeaC_reg", 3 0;
v0x7fd7d8423110_0 .net "LOG_LOGIC", 3 0, L_0x7fd7d8425db0;  1 drivers
v0x7fd7d84231a0_0 .net "LOG_SWITCHING", 3 0, L_0x7fd7d84260e0;  1 drivers
o0x10c5b90c8 .functor BUFZ 1, C4<z>; HiZ drive
v0x7fd7d8423240_0 .net "RST", 0 0, o0x10c5b90c8;  0 drivers
v0x7fd7d84232f0_0 .net "VAL", 3 0, L_0x7fd7d84261d0;  1 drivers
L_0x10c5ea008 .functor BUFT 1, C4<0101>, C4<0>, C4<0>, C4<0>;
v0x7fd7d8423410_0 .net/2u *"_s0", 3 0, L_0x10c5ea008;  1 drivers
L_0x10c5ea0e0 .functor BUFT 1, C4<1110>, C4<0>, C4<0>, C4<0>;
v0x7fd7d84234c0_0 .net/2u *"_s10", 3 0, L_0x10c5ea0e0;  1 drivers
v0x7fd7d8423570_0 .net *"_s12", 0 0, L_0x7fd7d84241a0;  1 drivers
v0x7fd7d8423610_0 .net *"_s14", 0 0, L_0x7fd7d8424320;  1 drivers
L_0x10c5ea128 .functor BUFT 1, C4<0001>, C4<0>, C4<0>, C4<0>;
v0x7fd7d84236b0_0 .net/2u *"_s16", 3 0, L_0x10c5ea128;  1 drivers
v0x7fd7d8423760_0 .net *"_s18", 3 0, L_0x7fd7d8424450;  1 drivers
v0x7fd7d8423810_0 .net *"_s2", 0 0, L_0x7fd7d8423f40;  1 drivers
L_0x10c5ea170 .functor BUFT 1, C4<0101>, C4<0>, C4<0>, C4<0>;
v0x7fd7d84238b0_0 .net/2u *"_s20", 3 0, L_0x10c5ea170;  1 drivers
v0x7fd7d8423a40_0 .net *"_s22", 3 0, L_0x7fd7d8424550;  1 drivers
L_0x10c5ea050 .functor BUFT 1, C4<1110>, C4<0>, C4<0>, C4<0>;
v0x7fd7d8423ad0_0 .net/2u *"_s4", 3 0, L_0x10c5ea050;  1 drivers
L_0x10c5ea098 .functor BUFT 1, C4<0101>, C4<0>, C4<0>, C4<0>;
v0x7fd7d8423b80_0 .net/2u *"_s6", 3 0, L_0x10c5ea098;  1 drivers
v0x7fd7d8423c30_0 .net *"_s8", 0 0, L_0x7fd7d84240a0;  1 drivers
v0x7fd7d8423cd0_0 .net "d", 3 0, L_0x7fd7d8425ef0;  1 drivers
v0x7fd7d8423db0_0 .net "db", 3 0, L_0x7fd7d84246e0;  1 drivers
v0x7fd7d8423e40_0 .net "q", 3 0, v0x7fd7d84212e0_0;  1 drivers
E_0x7fd7d8600600 .event edge, v0x7fd7d8421450_0;
L_0x7fd7d8423f40 .cmp/eq 4, v0x7fd7d8423040_0, L_0x10c5ea008;
L_0x7fd7d84240a0 .cmp/gt 4, v0x7fd7d8423040_0, L_0x10c5ea098;
L_0x7fd7d84241a0 .cmp/ge 4, L_0x10c5ea0e0, v0x7fd7d8423040_0;
L_0x7fd7d8424450 .arith/sub 4, v0x7fd7d8423040_0, L_0x10c5ea128;
L_0x7fd7d8424550 .functor MUXZ 4, L_0x10c5ea170, L_0x7fd7d8424450, L_0x7fd7d8424320, C4<>;
L_0x7fd7d84246e0 .functor MUXZ 4, L_0x7fd7d8424550, L_0x10c5ea050, L_0x7fd7d8423f40, C4<>;
S_0x7fd7d8600630 .scope module, "d_ff" "D_FF" 2 28, 3 1 0, S_0x7fd7d86003f0;
 .timescale 0 0;
    .port_info 0 /INPUT 1 "RST"
    .port_info 1 /INPUT 1 "CLK"
    .port_info 2 /INPUT 4 "IN"
    .port_info 3 /OUTPUT 4 "OUT"
v0x7fd7d86008a0_0 .net "CLK", 0 0, o0x10c5b9008;  alias, 0 drivers
v0x7fd7d84212e0_0 .var "D_FF_reg", 3 0;
v0x7fd7d84213a0_0 .net "IN", 3 0, L_0x7fd7d8425ef0;  alias, 1 drivers
v0x7fd7d8421450_0 .net "OUT", 3 0, v0x7fd7d84212e0_0;  alias, 1 drivers
v0x7fd7d84214e0_0 .net "RST", 0 0, o0x10c5b90c8;  alias, 0 drivers
E_0x7fd7d8600850/0 .event negedge, v0x7fd7d84214e0_0;
E_0x7fd7d8600850/1 .event posedge, v0x7fd7d86008a0_0;
E_0x7fd7d8600850 .event/or E_0x7fd7d8600850/0, E_0x7fd7d8600850/1;
S_0x7fd7d8421600 .scope module, "switching" "Switching" 2 27, 4 1 0, S_0x7fd7d86003f0;
 .timescale 0 0;
    .port_info 0 /INPUT 1 "CE"
    .port_info 1 /INPUT 4 "IN_1"
    .port_info 2 /INPUT 4 "IN_2"
    .port_info 3 /OUTPUT 4 "OUT"
L_0x7fd7d8424920 .functor AND 1, o0x10c5b91b8, L_0x7fd7d8424880, C4<1>, C4<1>;
L_0x7fd7d8424a10 .functor NOT 1, o0x10c5b91b8, C4<0>, C4<0>, C4<0>;
L_0x7fd7d8424b20 .functor AND 1, L_0x7fd7d8424a10, L_0x7fd7d8424a80, C4<1>, C4<1>;
L_0x7fd7d8424c10 .functor OR 1, L_0x7fd7d8424920, L_0x7fd7d8424b20, C4<0>, C4<0>;
L_0x7fd7d8424e20 .functor AND 1, o0x10c5b91b8, L_0x7fd7d8424d00, C4<1>, C4<1>;
L_0x7fd7d8424f10 .functor NOT 1, o0x10c5b91b8, C4<0>, C4<0>, C4<0>;
L_0x7fd7d8425020 .functor AND 1, L_0x7fd7d8424f10, L_0x7fd7d8424f80, C4<1>, C4<1>;
L_0x7fd7d8425170 .functor OR 1, L_0x7fd7d8424e20, L_0x7fd7d8425020, C4<0>, C4<0>;
L_0x7fd7d8425300 .functor AND 1, o0x10c5b91b8, L_0x7fd7d8425260, C4<1>, C4<1>;
L_0x7fd7d8425400 .functor NOT 1, o0x10c5b91b8, C4<0>, C4<0>, C4<0>;
L_0x7fd7d8425610 .functor AND 1, L_0x7fd7d8425400, L_0x7fd7d8425470, C4<1>, C4<1>;
L_0x7fd7d8425700 .functor OR 1, L_0x7fd7d8425300, L_0x7fd7d8425610, C4<0>, C4<0>;
L_0x7fd7d8425a20 .functor AND 1, o0x10c5b91b8, L_0x7fd7d8425980, C4<1>, C4<1>;
L_0x7fd7d8425bd0 .functor NOT 1, o0x10c5b91b8, C4<0>, C4<0>, C4<0>;
L_0x7fd7d8425ce0 .functor AND 1, L_0x7fd7d8425bd0, L_0x7fd7d8425c40, C4<1>, C4<1>;
L_0x7fd7d8424e90 .functor OR 1, L_0x7fd7d8425a20, L_0x7fd7d8425ce0, C4<0>, C4<0>;
L_0x7fd7d8425ef0 .functor BUFZ 4, L_0x7fd7d84257b0, C4<0000>, C4<0000>, C4<0000>;
v0x7fd7d8421840_0 .net "CE", 0 0, o0x10c5b91b8;  alias, 0 drivers
v0x7fd7d84218f0_0 .net "IN_1", 3 0, v0x7fd7d8423040_0;  1 drivers
v0x7fd7d84219a0_0 .net "IN_2", 3 0, L_0x7fd7d84246e0;  alias, 1 drivers
v0x7fd7d8421a60_0 .net "OUT", 3 0, L_0x7fd7d8425ef0;  alias, 1 drivers
v0x7fd7d8421b20_0 .net "Swiching_wire", 3 0, L_0x7fd7d84257b0;  1 drivers
v0x7fd7d8421c00_0 .net *"_s10", 0 0, L_0x7fd7d8424b20;  1 drivers
v0x7fd7d8421cb0_0 .net *"_s12", 0 0, L_0x7fd7d8424c10;  1 drivers
v0x7fd7d8421d60_0 .net *"_s17", 0 0, L_0x7fd7d8424d00;  1 drivers
v0x7fd7d8421e10_0 .net *"_s18", 0 0, L_0x7fd7d8424e20;  1 drivers
v0x7fd7d8421f20_0 .net *"_s20", 0 0, L_0x7fd7d8424f10;  1 drivers
v0x7fd7d8421fd0_0 .net *"_s23", 0 0, L_0x7fd7d8424f80;  1 drivers
v0x7fd7d8422080_0 .net *"_s24", 0 0, L_0x7fd7d8425020;  1 drivers
v0x7fd7d8422130_0 .net *"_s26", 0 0, L_0x7fd7d8425170;  1 drivers
v0x7fd7d84221e0_0 .net *"_s3", 0 0, L_0x7fd7d8424880;  1 drivers
v0x7fd7d8422290_0 .net *"_s31", 0 0, L_0x7fd7d8425260;  1 drivers
v0x7fd7d8422340_0 .net *"_s32", 0 0, L_0x7fd7d8425300;  1 drivers
v0x7fd7d84223f0_0 .net *"_s34", 0 0, L_0x7fd7d8425400;  1 drivers
v0x7fd7d8422580_0 .net *"_s37", 0 0, L_0x7fd7d8425470;  1 drivers
v0x7fd7d8422610_0 .net *"_s38", 0 0, L_0x7fd7d8425610;  1 drivers
v0x7fd7d84226c0_0 .net *"_s4", 0 0, L_0x7fd7d8424920;  1 drivers
v0x7fd7d8422770_0 .net *"_s40", 0 0, L_0x7fd7d8425700;  1 drivers
v0x7fd7d8422820_0 .net *"_s46", 0 0, L_0x7fd7d8425980;  1 drivers
v0x7fd7d84228d0_0 .net *"_s47", 0 0, L_0x7fd7d8425a20;  1 drivers
v0x7fd7d8422980_0 .net *"_s49", 0 0, L_0x7fd7d8425bd0;  1 drivers
v0x7fd7d8422a30_0 .net *"_s52", 0 0, L_0x7fd7d8425c40;  1 drivers
v0x7fd7d8422ae0_0 .net *"_s53", 0 0, L_0x7fd7d8425ce0;  1 drivers
v0x7fd7d8422b90_0 .net *"_s55", 0 0, L_0x7fd7d8424e90;  1 drivers
v0x7fd7d8422c40_0 .net *"_s6", 0 0, L_0x7fd7d8424a10;  1 drivers
v0x7fd7d8422cf0_0 .net *"_s9", 0 0, L_0x7fd7d8424a80;  1 drivers
L_0x7fd7d8424880 .part L_0x7fd7d84246e0, 3, 1;
L_0x7fd7d8424a80 .part v0x7fd7d8423040_0, 3, 1;
L_0x7fd7d8424d00 .part L_0x7fd7d84246e0, 2, 1;
L_0x7fd7d8424f80 .part v0x7fd7d8423040_0, 2, 1;
L_0x7fd7d8425260 .part L_0x7fd7d84246e0, 1, 1;
L_0x7fd7d8425470 .part v0x7fd7d8423040_0, 1, 1;
L_0x7fd7d84257b0 .concat8 [ 1 1 1 1], L_0x7fd7d8424e90, L_0x7fd7d8425700, L_0x7fd7d8425170, L_0x7fd7d8424c10;
L_0x7fd7d8425980 .part L_0x7fd7d84246e0, 0, 1;
L_0x7fd7d8425c40 .part v0x7fd7d8423040_0, 0, 1;
    .scope S_0x7fd7d8600630;
T_0 ;
    %wait E_0x7fd7d8600850;
    %load/vec4 v0x7fd7d84214e0_0;
    %pad/u 32;
    %cmpi/e 0, 0, 32;
    %jmp/0xz  T_0.0, 4;
    %pushi/vec4 0, 0, 4;
    %store/vec4 v0x7fd7d84212e0_0, 0, 4;
    %jmp T_0.1;
T_0.0 ;
    %load/vec4 v0x7fd7d84213a0_0;
    %store/vec4 v0x7fd7d84212e0_0, 0, 4;
T_0.1 ;
    %jmp T_0;
    .thread T_0;
    .scope S_0x7fd7d86003f0;
T_1 ;
    %load/vec4 v0x7fd7d8422fb0_0;
    %store/vec4 v0x7fd7d8423040_0, 0, 4;
    %end;
    .thread T_1;
    .scope S_0x7fd7d86003f0;
T_2 ;
    %wait E_0x7fd7d8600600;
    %load/vec4 v0x7fd7d8423e40_0;
    %store/vec4 v0x7fd7d8423040_0, 0, 4;
    %jmp T_2;
    .thread T_2, $push;
# The file index is used to find the file name in the following table.
:file_names 5;
    "N/A";
    "<interactive>";
    "/Users/koki/workspace/tus/verilog/DigitalCircuit2/IdeaC.v";
    "/Users/koki/workspace/tus/verilog/DigitalCircuit2//libs/D_FF.v";
    "/Users/koki/workspace/tus/verilog/DigitalCircuit2//libs/Switching.v";
