#! /usr/local/Cellar/icarus-verilog/10.3/bin/vvp
:ivl_version "10.3 (stable)" "(v10_3)";
:ivl_delay_selection "TYPICAL";
:vpi_time_precision + 0;
:vpi_module "system";
:vpi_module "vhdl_sys";
:vpi_module "v2005_math";
:vpi_module "va_math";
S_0x7fcc79d1eee0 .scope module, "IdeaA" "IdeaA" 2 4;
 .timescale 0 0;
    .port_info 0 /INPUT 1 "RST"
    .port_info 1 /INPUT 1 "C1K"
    .port_info 2 /INPUT 1 "CE"
    .port_info 3 /OUTPUT 4 "VAL"
    .port_info 4 /OUTPUT 4 "LOG_LOGIC"
    .port_info 5 /OUTPUT 4 "LOG_SWITCHING"
L_0x7fcc79d33030 .functor NOT 1, L_0x7fcc79d32f30, C4<0>, C4<0>, C4<0>;
L_0x7fcc79d33180 .functor AND 1, L_0x7fcc79d33030, L_0x7fcc79d330e0, C4<1>, C4<1>;
L_0x7fcc79d33450 .functor AND 1, L_0x7fcc79d33290, L_0x7fcc79d333b0, C4<1>, C4<1>;
L_0x7fcc79d33560 .functor OR 1, L_0x7fcc79d33180, L_0x7fcc79d33450, C4<0>, C4<0>;
L_0x7fcc79d337e0 .functor AND 1, L_0x7fcc79d33670, L_0x7fcc79d33740, C4<1>, C4<1>;
L_0x7fcc79d33920 .functor OR 1, L_0x7fcc79d33560, L_0x7fcc79d337e0, C4<0>, C4<0>;
L_0x7fcc79d33330 .functor NOT 1, L_0x7fcc79d33a10, C4<0>, C4<0>, C4<0>;
L_0x7fcc79d33d10 .functor NOT 1, L_0x7fcc79d33c70, C4<0>, C4<0>, C4<0>;
L_0x7fcc79d33dc0 .functor AND 1, L_0x7fcc79d33330, L_0x7fcc79d33d10, C4<1>, C4<1>;
L_0x7fcc79d33ff0 .functor NOT 1, L_0x7fcc79d33f00, C4<0>, C4<0>, C4<0>;
L_0x7fcc79d34060 .functor AND 1, L_0x7fcc79d33dc0, L_0x7fcc79d33ff0, C4<1>, C4<1>;
L_0x7fcc79d34310 .functor AND 1, L_0x7fcc79d34170, L_0x7fcc79d34210, C4<1>, C4<1>;
L_0x7fcc79d343c0 .functor OR 1, L_0x7fcc79d34060, L_0x7fcc79d34310, C4<0>, C4<0>;
L_0x7fcc79d346d0 .functor AND 1, L_0x7fcc79d34520, L_0x7fcc79d345c0, C4<1>, C4<1>;
L_0x7fcc79d34780 .functor OR 1, L_0x7fcc79d343c0, L_0x7fcc79d346d0, C4<0>, C4<0>;
L_0x7fcc79d344b0 .functor NOT 1, L_0x7fcc79d348f0, C4<0>, C4<0>, C4<0>;
L_0x7fcc79d34660 .functor NOT 1, L_0x7fcc79d34990, C4<0>, C4<0>, C4<0>;
L_0x7fcc79d34cc0 .functor AND 1, L_0x7fcc79d344b0, L_0x7fcc79d34660, C4<1>, C4<1>;
L_0x7fcc79d34f00 .functor AND 1, L_0x7fcc79d34d30, L_0x7fcc79d34dd0, C4<1>, C4<1>;
L_0x7fcc79d35050 .functor OR 1, L_0x7fcc79d34cc0, L_0x7fcc79d34f00, C4<0>, C4<0>;
L_0x7fcc79d35160 .functor NOT 1, L_0x7fcc79d350c0, C4<0>, C4<0>, C4<0>;
L_0x7fcc79d35360 .functor AND 1, L_0x7fcc79d35160, L_0x7fcc79d34fb0, C4<1>, C4<1>;
L_0x7fcc79d35410 .functor OR 1, L_0x7fcc79d35050, L_0x7fcc79d35360, C4<0>, C4<0>;
L_0x7fcc79d35830 .functor NOT 1, L_0x7fcc79d356e0, C4<0>, C4<0>, C4<0>;
L_0x7fcc79d352d0 .functor NOT 1, L_0x7fcc79d358a0, C4<0>, C4<0>, C4<0>;
L_0x7fcc79d35a50 .functor AND 1, L_0x7fcc79d35830, L_0x7fcc79d352d0, C4<1>, C4<1>;
L_0x7fcc79d35780 .functor NOT 1, L_0x7fcc79d35c20, C4<0>, C4<0>, C4<0>;
L_0x7fcc79d35da0 .functor AND 1, L_0x7fcc79d35ac0, L_0x7fcc79d35780, C4<1>, C4<1>;
L_0x7fcc79d35e10 .functor OR 1, L_0x7fcc79d35a50, L_0x7fcc79d35da0, C4<0>, C4<0>;
L_0x7fcc79d37420 .functor BUFZ 4, L_0x7fcc79d355c0, C4<0000>, C4<0000>, C4<0000>;
L_0x7fcc79d37750 .functor BUFZ 4, L_0x7fcc79d37560, C4<0000>, C4<0000>, C4<0000>;
L_0x7fcc79d37940 .functor BUFZ 4, v0x7fcc79d2e7b0_0, C4<0000>, C4<0000>, C4<0000>;
o0x10ba41008 .functor BUFZ 1, C4<z>; HiZ drive
v0x7fcc79d302c0_0 .net "C1K", 0 0, o0x10ba41008;  0 drivers
o0x10ba411b8 .functor BUFZ 1, C4<z>; HiZ drive
v0x7fcc79d30350_0 .net "CE", 0 0, o0x10ba411b8;  0 drivers
v0x7fcc79d303e0_0 .var "IdeaA_reg", 3 0;
v0x7fcc79d30470_0 .net "LOG_LOGIC", 3 0, L_0x7fcc79d37420;  1 drivers
v0x7fcc79d30500_0 .net "LOG_SWITCHING", 3 0, L_0x7fcc79d37750;  1 drivers
o0x10ba410c8 .functor BUFZ 1, C4<z>; HiZ drive
v0x7fcc79d305d0_0 .net "RST", 0 0, o0x10ba410c8;  0 drivers
v0x7fcc79d30660_0 .net "VAL", 3 0, L_0x7fcc79d37940;  1 drivers
v0x7fcc79d30700_0 .net *"_s101", 0 0, L_0x7fcc79d35a50;  1 drivers
v0x7fcc79d307b0_0 .net *"_s104", 0 0, L_0x7fcc79d35ac0;  1 drivers
v0x7fcc79d308e0_0 .net *"_s106", 0 0, L_0x7fcc79d35c20;  1 drivers
v0x7fcc79d30990_0 .net *"_s107", 0 0, L_0x7fcc79d35780;  1 drivers
v0x7fcc79d30a40_0 .net *"_s109", 0 0, L_0x7fcc79d35da0;  1 drivers
v0x7fcc79d30af0_0 .net *"_s11", 0 0, L_0x7fcc79d33290;  1 drivers
v0x7fcc79d30ba0_0 .net *"_s111", 0 0, L_0x7fcc79d35e10;  1 drivers
v0x7fcc79d30c50_0 .net *"_s13", 0 0, L_0x7fcc79d333b0;  1 drivers
v0x7fcc79d30d00_0 .net *"_s14", 0 0, L_0x7fcc79d33450;  1 drivers
v0x7fcc79d30db0_0 .net *"_s16", 0 0, L_0x7fcc79d33560;  1 drivers
v0x7fcc79d30f40_0 .net *"_s19", 0 0, L_0x7fcc79d33670;  1 drivers
v0x7fcc79d30fd0_0 .net *"_s21", 0 0, L_0x7fcc79d33740;  1 drivers
v0x7fcc79d31080_0 .net *"_s22", 0 0, L_0x7fcc79d337e0;  1 drivers
v0x7fcc79d31130_0 .net *"_s24", 0 0, L_0x7fcc79d33920;  1 drivers
v0x7fcc79d311e0_0 .net *"_s29", 0 0, L_0x7fcc79d33a10;  1 drivers
v0x7fcc79d31290_0 .net *"_s3", 0 0, L_0x7fcc79d32f30;  1 drivers
v0x7fcc79d31340_0 .net *"_s30", 0 0, L_0x7fcc79d33330;  1 drivers
v0x7fcc79d313f0_0 .net *"_s33", 0 0, L_0x7fcc79d33c70;  1 drivers
v0x7fcc79d314a0_0 .net *"_s34", 0 0, L_0x7fcc79d33d10;  1 drivers
v0x7fcc79d31550_0 .net *"_s36", 0 0, L_0x7fcc79d33dc0;  1 drivers
v0x7fcc79d31600_0 .net *"_s39", 0 0, L_0x7fcc79d33f00;  1 drivers
v0x7fcc79d316b0_0 .net *"_s4", 0 0, L_0x7fcc79d33030;  1 drivers
v0x7fcc79d31760_0 .net *"_s40", 0 0, L_0x7fcc79d33ff0;  1 drivers
v0x7fcc79d31810_0 .net *"_s42", 0 0, L_0x7fcc79d34060;  1 drivers
v0x7fcc79d318c0_0 .net *"_s45", 0 0, L_0x7fcc79d34170;  1 drivers
v0x7fcc79d31970_0 .net *"_s47", 0 0, L_0x7fcc79d34210;  1 drivers
v0x7fcc79d30e60_0 .net *"_s48", 0 0, L_0x7fcc79d34310;  1 drivers
v0x7fcc79d31c00_0 .net *"_s50", 0 0, L_0x7fcc79d343c0;  1 drivers
v0x7fcc79d31c90_0 .net *"_s53", 0 0, L_0x7fcc79d34520;  1 drivers
v0x7fcc79d31d30_0 .net *"_s55", 0 0, L_0x7fcc79d345c0;  1 drivers
v0x7fcc79d31de0_0 .net *"_s56", 0 0, L_0x7fcc79d346d0;  1 drivers
v0x7fcc79d31e90_0 .net *"_s58", 0 0, L_0x7fcc79d34780;  1 drivers
v0x7fcc79d31f40_0 .net *"_s63", 0 0, L_0x7fcc79d348f0;  1 drivers
v0x7fcc79d31ff0_0 .net *"_s64", 0 0, L_0x7fcc79d344b0;  1 drivers
v0x7fcc79d320a0_0 .net *"_s67", 0 0, L_0x7fcc79d34990;  1 drivers
v0x7fcc79d32150_0 .net *"_s68", 0 0, L_0x7fcc79d34660;  1 drivers
v0x7fcc79d32200_0 .net *"_s7", 0 0, L_0x7fcc79d330e0;  1 drivers
v0x7fcc79d322b0_0 .net *"_s70", 0 0, L_0x7fcc79d34cc0;  1 drivers
v0x7fcc79d32360_0 .net *"_s73", 0 0, L_0x7fcc79d34d30;  1 drivers
v0x7fcc79d32410_0 .net *"_s75", 0 0, L_0x7fcc79d34dd0;  1 drivers
v0x7fcc79d324c0_0 .net *"_s76", 0 0, L_0x7fcc79d34f00;  1 drivers
v0x7fcc79d32570_0 .net *"_s78", 0 0, L_0x7fcc79d35050;  1 drivers
v0x7fcc79d32620_0 .net *"_s8", 0 0, L_0x7fcc79d33180;  1 drivers
v0x7fcc79d326d0_0 .net *"_s81", 0 0, L_0x7fcc79d350c0;  1 drivers
v0x7fcc79d32780_0 .net *"_s82", 0 0, L_0x7fcc79d35160;  1 drivers
v0x7fcc79d32830_0 .net *"_s85", 0 0, L_0x7fcc79d34fb0;  1 drivers
v0x7fcc79d328e0_0 .net *"_s86", 0 0, L_0x7fcc79d35360;  1 drivers
v0x7fcc79d32990_0 .net *"_s88", 0 0, L_0x7fcc79d35410;  1 drivers
v0x7fcc79d32a40_0 .net *"_s94", 0 0, L_0x7fcc79d356e0;  1 drivers
v0x7fcc79d32af0_0 .net *"_s95", 0 0, L_0x7fcc79d35830;  1 drivers
v0x7fcc79d32ba0_0 .net *"_s98", 0 0, L_0x7fcc79d358a0;  1 drivers
v0x7fcc79d32c50_0 .net *"_s99", 0 0, L_0x7fcc79d352d0;  1 drivers
v0x7fcc79d32d00_0 .net "d", 3 0, L_0x7fcc79d37560;  1 drivers
v0x7fcc79d32de0_0 .net "db", 3 0, L_0x7fcc79d355c0;  1 drivers
v0x7fcc79d32e70_0 .net "q", 3 0, v0x7fcc79d2e7b0_0;  1 drivers
E_0x7fcc79d1f080 .event edge, v0x7fcc79d2e920_0;
L_0x7fcc79d32f30 .part v0x7fcc79d303e0_0, 1, 1;
L_0x7fcc79d330e0 .part v0x7fcc79d303e0_0, 0, 1;
L_0x7fcc79d33290 .part v0x7fcc79d303e0_0, 3, 1;
L_0x7fcc79d333b0 .part v0x7fcc79d303e0_0, 1, 1;
L_0x7fcc79d33670 .part v0x7fcc79d303e0_0, 3, 1;
L_0x7fcc79d33740 .part v0x7fcc79d303e0_0, 2, 1;
L_0x7fcc79d33a10 .part v0x7fcc79d303e0_0, 2, 1;
L_0x7fcc79d33c70 .part v0x7fcc79d303e0_0, 1, 1;
L_0x7fcc79d33f00 .part v0x7fcc79d303e0_0, 0, 1;
L_0x7fcc79d34170 .part v0x7fcc79d303e0_0, 2, 1;
L_0x7fcc79d34210 .part v0x7fcc79d303e0_0, 0, 1;
L_0x7fcc79d34520 .part v0x7fcc79d303e0_0, 2, 1;
L_0x7fcc79d345c0 .part v0x7fcc79d303e0_0, 1, 1;
L_0x7fcc79d348f0 .part v0x7fcc79d303e0_0, 1, 1;
L_0x7fcc79d34990 .part v0x7fcc79d303e0_0, 0, 1;
L_0x7fcc79d34d30 .part v0x7fcc79d303e0_0, 1, 1;
L_0x7fcc79d34dd0 .part v0x7fcc79d303e0_0, 0, 1;
L_0x7fcc79d350c0 .part v0x7fcc79d303e0_0, 3, 1;
L_0x7fcc79d34fb0 .part v0x7fcc79d303e0_0, 0, 1;
L_0x7fcc79d355c0 .concat8 [ 1 1 1 1], L_0x7fcc79d35e10, L_0x7fcc79d35410, L_0x7fcc79d34780, L_0x7fcc79d33920;
L_0x7fcc79d356e0 .part v0x7fcc79d303e0_0, 1, 1;
L_0x7fcc79d358a0 .part v0x7fcc79d303e0_0, 0, 1;
L_0x7fcc79d35ac0 .part v0x7fcc79d303e0_0, 1, 1;
L_0x7fcc79d35c20 .part v0x7fcc79d303e0_0, 0, 1;
S_0x7fcc79d1e460 .scope module, "d_ff" "D_FF" 2 35, 3 1 0, S_0x7fcc79d1eee0;
 .timescale 0 0;
    .port_info 0 /INPUT 1 "RST"
    .port_info 1 /INPUT 1 "CLK"
    .port_info 2 /INPUT 4 "IN"
    .port_info 3 /OUTPUT 4 "OUT"
v0x7fcc79d022d0_0 .net "CLK", 0 0, o0x10ba41008;  alias, 0 drivers
v0x7fcc79d2e7b0_0 .var "D_FF_reg", 3 0;
v0x7fcc79d2e860_0 .net "IN", 3 0, L_0x7fcc79d37560;  alias, 1 drivers
v0x7fcc79d2e920_0 .net "OUT", 3 0, v0x7fcc79d2e7b0_0;  alias, 1 drivers
v0x7fcc79d2e9d0_0 .net "RST", 0 0, o0x10ba410c8;  alias, 0 drivers
E_0x7fcc79d186c0/0 .event negedge, v0x7fcc79d2e9d0_0;
E_0x7fcc79d186c0/1 .event posedge, v0x7fcc79d022d0_0;
E_0x7fcc79d186c0 .event/or E_0x7fcc79d186c0/0, E_0x7fcc79d186c0/1;
S_0x7fcc79d2eaf0 .scope module, "switching" "Switching" 2 34, 4 1 0, S_0x7fcc79d1eee0;
 .timescale 0 0;
    .port_info 0 /INPUT 1 "CE"
    .port_info 1 /INPUT 4 "IN_1"
    .port_info 2 /INPUT 4 "IN_2"
    .port_info 3 /OUTPUT 4 "OUT"
L_0x7fcc79d35cc0 .functor AND 1, o0x10ba411b8, L_0x7fcc79d35ff0, C4<1>, C4<1>;
L_0x7fcc79d36090 .functor NOT 1, o0x10ba411b8, C4<0>, C4<0>, C4<0>;
L_0x7fcc79d361a0 .functor AND 1, L_0x7fcc79d36090, L_0x7fcc79d36100, C4<1>, C4<1>;
L_0x7fcc79d362b0 .functor OR 1, L_0x7fcc79d35cc0, L_0x7fcc79d361a0, C4<0>, C4<0>;
L_0x7fcc79d364e0 .functor AND 1, o0x10ba411b8, L_0x7fcc79d363c0, C4<1>, C4<1>;
L_0x7fcc79d36600 .functor NOT 1, o0x10ba411b8, C4<0>, C4<0>, C4<0>;
L_0x7fcc79d36710 .functor AND 1, L_0x7fcc79d36600, L_0x7fcc79d36670, C4<1>, C4<1>;
L_0x7fcc79d36880 .functor OR 1, L_0x7fcc79d364e0, L_0x7fcc79d36710, C4<0>, C4<0>;
L_0x7fcc79d36a10 .functor AND 1, o0x10ba411b8, L_0x7fcc79d36970, C4<1>, C4<1>;
L_0x7fcc79d36b10 .functor NOT 1, o0x10ba411b8, C4<0>, C4<0>, C4<0>;
L_0x7fcc79d36c20 .functor AND 1, L_0x7fcc79d36b10, L_0x7fcc79d36b80, C4<1>, C4<1>;
L_0x7fcc79d36d90 .functor OR 1, L_0x7fcc79d36a10, L_0x7fcc79d36c20, C4<0>, C4<0>;
L_0x7fcc79d370b0 .functor AND 1, o0x10ba411b8, L_0x7fcc79d37010, C4<1>, C4<1>;
L_0x7fcc79d37260 .functor NOT 1, o0x10ba411b8, C4<0>, C4<0>, C4<0>;
L_0x7fcc79d37370 .functor AND 1, L_0x7fcc79d37260, L_0x7fcc79d372d0, C4<1>, C4<1>;
L_0x7fcc79d36550 .functor OR 1, L_0x7fcc79d370b0, L_0x7fcc79d37370, C4<0>, C4<0>;
L_0x7fcc79d37560 .functor BUFZ 4, L_0x7fcc79d36e40, C4<0000>, C4<0000>, C4<0000>;
v0x7fcc79d2ed10_0 .net "CE", 0 0, o0x10ba411b8;  alias, 0 drivers
v0x7fcc79d2edb0_0 .net "IN_1", 3 0, v0x7fcc79d303e0_0;  1 drivers
v0x7fcc79d2ee60_0 .net "IN_2", 3 0, L_0x7fcc79d355c0;  alias, 1 drivers
v0x7fcc79d2ef20_0 .net "OUT", 3 0, L_0x7fcc79d37560;  alias, 1 drivers
v0x7fcc79d2efe0_0 .net "Swiching_wire", 3 0, L_0x7fcc79d36e40;  1 drivers
v0x7fcc79d2f0c0_0 .net *"_s10", 0 0, L_0x7fcc79d361a0;  1 drivers
v0x7fcc79d2f170_0 .net *"_s12", 0 0, L_0x7fcc79d362b0;  1 drivers
v0x7fcc79d2f220_0 .net *"_s17", 0 0, L_0x7fcc79d363c0;  1 drivers
v0x7fcc79d2f2d0_0 .net *"_s18", 0 0, L_0x7fcc79d364e0;  1 drivers
v0x7fcc79d2f3e0_0 .net *"_s20", 0 0, L_0x7fcc79d36600;  1 drivers
v0x7fcc79d2f490_0 .net *"_s23", 0 0, L_0x7fcc79d36670;  1 drivers
v0x7fcc79d2f540_0 .net *"_s24", 0 0, L_0x7fcc79d36710;  1 drivers
v0x7fcc79d2f5f0_0 .net *"_s26", 0 0, L_0x7fcc79d36880;  1 drivers
v0x7fcc79d2f6a0_0 .net *"_s3", 0 0, L_0x7fcc79d35ff0;  1 drivers
v0x7fcc79d2f750_0 .net *"_s31", 0 0, L_0x7fcc79d36970;  1 drivers
v0x7fcc79d2f800_0 .net *"_s32", 0 0, L_0x7fcc79d36a10;  1 drivers
v0x7fcc79d2f8b0_0 .net *"_s34", 0 0, L_0x7fcc79d36b10;  1 drivers
v0x7fcc79d2fa40_0 .net *"_s37", 0 0, L_0x7fcc79d36b80;  1 drivers
v0x7fcc79d2fad0_0 .net *"_s38", 0 0, L_0x7fcc79d36c20;  1 drivers
v0x7fcc79d2fb80_0 .net *"_s4", 0 0, L_0x7fcc79d35cc0;  1 drivers
v0x7fcc79d2fc30_0 .net *"_s40", 0 0, L_0x7fcc79d36d90;  1 drivers
v0x7fcc79d2fce0_0 .net *"_s46", 0 0, L_0x7fcc79d37010;  1 drivers
v0x7fcc79d2fd90_0 .net *"_s47", 0 0, L_0x7fcc79d370b0;  1 drivers
v0x7fcc79d2fe40_0 .net *"_s49", 0 0, L_0x7fcc79d37260;  1 drivers
v0x7fcc79d2fef0_0 .net *"_s52", 0 0, L_0x7fcc79d372d0;  1 drivers
v0x7fcc79d2ffa0_0 .net *"_s53", 0 0, L_0x7fcc79d37370;  1 drivers
v0x7fcc79d30050_0 .net *"_s55", 0 0, L_0x7fcc79d36550;  1 drivers
v0x7fcc79d30100_0 .net *"_s6", 0 0, L_0x7fcc79d36090;  1 drivers
v0x7fcc79d301b0_0 .net *"_s9", 0 0, L_0x7fcc79d36100;  1 drivers
L_0x7fcc79d35ff0 .part L_0x7fcc79d355c0, 3, 1;
L_0x7fcc79d36100 .part v0x7fcc79d303e0_0, 3, 1;
L_0x7fcc79d363c0 .part L_0x7fcc79d355c0, 2, 1;
L_0x7fcc79d36670 .part v0x7fcc79d303e0_0, 2, 1;
L_0x7fcc79d36970 .part L_0x7fcc79d355c0, 1, 1;
L_0x7fcc79d36b80 .part v0x7fcc79d303e0_0, 1, 1;
L_0x7fcc79d36e40 .concat8 [ 1 1 1 1], L_0x7fcc79d36550, L_0x7fcc79d36d90, L_0x7fcc79d36880, L_0x7fcc79d362b0;
L_0x7fcc79d37010 .part L_0x7fcc79d355c0, 0, 1;
L_0x7fcc79d372d0 .part v0x7fcc79d303e0_0, 0, 1;
    .scope S_0x7fcc79d1e460;
T_0 ;
    %wait E_0x7fcc79d186c0;
    %load/vec4 v0x7fcc79d2e9d0_0;
    %pad/u 32;
    %cmpi/e 0, 0, 32;
    %jmp/0xz  T_0.0, 4;
    %pushi/vec4 0, 0, 4;
    %store/vec4 v0x7fcc79d2e7b0_0, 0, 4;
    %jmp T_0.1;
T_0.0 ;
    %load/vec4 v0x7fcc79d2e860_0;
    %store/vec4 v0x7fcc79d2e7b0_0, 0, 4;
T_0.1 ;
    %jmp T_0;
    .thread T_0;
    .scope S_0x7fcc79d1eee0;
T_1 ;
    %wait E_0x7fcc79d1f080;
    %load/vec4 v0x7fcc79d32e70_0;
    %store/vec4 v0x7fcc79d303e0_0, 0, 4;
    %jmp T_1;
    .thread T_1, $push;
# The file index is used to find the file name in the following table.
:file_names 5;
    "N/A";
    "<interactive>";
    "/Users/koki/workspace/tus/verilog/DigitalCircuit2/IdeaA.v";
    "/Users/koki/workspace/tus/verilog/DigitalCircuit2//libs/D_FF.v";
    "/Users/koki/workspace/tus/verilog/DigitalCircuit2//libs/Switching.v";
