#! /usr/local/Cellar/icarus-verilog/10.3/bin/vvp
:ivl_version "10.3 (stable)" "(v10_3)";
:ivl_delay_selection "TYPICAL";
:vpi_time_precision + 0;
:vpi_module "system";
:vpi_module "vhdl_sys";
:vpi_module "v2005_math";
:vpi_module "va_math";
S_0x7fcac85132c0 .scope module, "IdeaB" "IdeaB" 2 4;
 .timescale 0 0;
    .port_info 0 /INPUT 1 "RST"
    .port_info 1 /INPUT 1 "CLK"
    .port_info 2 /INPUT 1 "CE"
    .port_info 3 /INPUT 4 "IN"
    .port_info 4 /OUTPUT 4 "VAL"
    .port_info 5 /OUTPUT 4 "LOG_LOGIC"
    .port_info 6 /OUTPUT 4 "LOG_SWITCHING"
L_0x7fcac8403720 .functor BUFZ 4, L_0x7fcac8401cf0, C4<0000>, C4<0000>, C4<0000>;
L_0x7fcac8403790 .functor BUFZ 4, L_0x7fcac8403570, C4<0000>, C4<0000>, C4<0000>;
L_0x7fcac8403820 .functor BUFZ 4, v0x7fcac8522c30_0, C4<0000>, C4<0000>, C4<0000>;
o0x1052941b8 .functor BUFZ 1, C4<z>; HiZ drive
v0x7fcac8524740_0 .net "CE", 0 0, o0x1052941b8;  0 drivers
o0x105294008 .functor BUFZ 1, C4<z>; HiZ drive
v0x7fcac85247d0_0 .net "CLK", 0 0, o0x105294008;  0 drivers
o0x1052947b8 .functor BUFZ 4, C4<zzzz>; HiZ drive
v0x7fcac8524860_0 .net "IN", 3 0, o0x1052947b8;  0 drivers
v0x7fcac85248f0_0 .var "IdeaB_reg", 3 0;
v0x7fcac8524980_0 .net "LOG_LOGIC", 3 0, L_0x7fcac8403720;  1 drivers
v0x7fcac8524a50_0 .net "LOG_SWITCHING", 3 0, L_0x7fcac8403790;  1 drivers
o0x1052940c8 .functor BUFZ 1, C4<z>; HiZ drive
v0x7fcac8524b00_0 .net "RST", 0 0, o0x1052940c8;  0 drivers
v0x7fcac8524b90_0 .net "VAL", 3 0, L_0x7fcac8403820;  1 drivers
L_0x1052c5008 .functor BUFT 1, C4<0101>, C4<0>, C4<0>, C4<0>;
v0x7fcac8524c30_0 .net/2u *"_s0", 3 0, L_0x1052c5008;  1 drivers
v0x7fcac8524d60_0 .net *"_s2", 0 0, L_0x7fcac84019f0;  1 drivers
L_0x1052c5050 .functor BUFT 1, C4<1110>, C4<0>, C4<0>, C4<0>;
v0x7fcac8524e00_0 .net/2u *"_s4", 3 0, L_0x1052c5050;  1 drivers
L_0x1052c5098 .functor BUFT 1, C4<0001>, C4<0>, C4<0>, C4<0>;
v0x7fcac8524eb0_0 .net/2u *"_s6", 3 0, L_0x1052c5098;  1 drivers
v0x7fcac8524f60_0 .net *"_s8", 3 0, L_0x7fcac8401b90;  1 drivers
v0x7fcac8525010_0 .net "d", 3 0, L_0x7fcac8403570;  1 drivers
v0x7fcac85250b0_0 .net "db", 3 0, L_0x7fcac8401cf0;  1 drivers
v0x7fcac8525150_0 .net "q", 3 0, v0x7fcac8522c30_0;  1 drivers
E_0x7fcac8502ae0 .event edge, v0x7fcac8522da0_0;
L_0x7fcac84019f0 .cmp/eq 4, v0x7fcac85248f0_0, L_0x1052c5008;
L_0x7fcac8401b90 .arith/sub 4, v0x7fcac85248f0_0, L_0x1052c5098;
L_0x7fcac8401cf0 .functor MUXZ 4, L_0x7fcac8401b90, L_0x1052c5050, L_0x7fcac84019f0, C4<>;
S_0x7fcac8512fd0 .scope module, "d_ff" "D_FF" 2 27, 3 1 0, S_0x7fcac85132c0;
 .timescale 0 0;
    .port_info 0 /INPUT 1 "RST"
    .port_info 1 /INPUT 1 "CLK"
    .port_info 2 /INPUT 4 "IN"
    .port_info 3 /OUTPUT 4 "OUT"
v0x7fcac8512dc0_0 .net "CLK", 0 0, o0x105294008;  alias, 0 drivers
v0x7fcac8522c30_0 .var "D_FF_reg", 3 0;
v0x7fcac8522ce0_0 .net "IN", 3 0, L_0x7fcac8403570;  alias, 1 drivers
v0x7fcac8522da0_0 .net "OUT", 3 0, v0x7fcac8522c30_0;  alias, 1 drivers
v0x7fcac8522e50_0 .net "RST", 0 0, o0x1052940c8;  alias, 0 drivers
E_0x7fcac8503270/0 .event negedge, v0x7fcac8522e50_0;
E_0x7fcac8503270/1 .event posedge, v0x7fcac8512dc0_0;
E_0x7fcac8503270 .event/or E_0x7fcac8503270/0, E_0x7fcac8503270/1;
S_0x7fcac8522f70 .scope module, "switching" "Switching" 2 26, 4 1 0, S_0x7fcac85132c0;
 .timescale 0 0;
    .port_info 0 /INPUT 1 "CE"
    .port_info 1 /INPUT 4 "IN_1"
    .port_info 2 /INPUT 4 "IN_2"
    .port_info 3 /OUTPUT 4 "OUT"
L_0x7fcac8401ef0 .functor AND 1, o0x1052941b8, L_0x7fcac8401e50, C4<1>, C4<1>;
L_0x7fcac8401fe0 .functor NOT 1, o0x1052941b8, C4<0>, C4<0>, C4<0>;
L_0x7fcac8402190 .functor AND 1, L_0x7fcac8401fe0, L_0x7fcac8402050, C4<1>, C4<1>;
L_0x7fcac8402280 .functor OR 1, L_0x7fcac8401ef0, L_0x7fcac8402190, C4<0>, C4<0>;
L_0x7fcac84024b0 .functor AND 1, o0x1052941b8, L_0x7fcac8402390, C4<1>, C4<1>;
L_0x7fcac84025c0 .functor NOT 1, o0x1052941b8, C4<0>, C4<0>, C4<0>;
L_0x7fcac84026d0 .functor AND 1, L_0x7fcac84025c0, L_0x7fcac8402630, C4<1>, C4<1>;
L_0x7fcac8402840 .functor OR 1, L_0x7fcac84024b0, L_0x7fcac84026d0, C4<0>, C4<0>;
L_0x7fcac84029d0 .functor AND 1, o0x1052941b8, L_0x7fcac8402930, C4<1>, C4<1>;
L_0x7fcac8402ad0 .functor NOT 1, o0x1052941b8, C4<0>, C4<0>, C4<0>;
L_0x7fcac8402c00 .functor AND 1, L_0x7fcac8402ad0, L_0x7fcac8402b40, C4<1>, C4<1>;
L_0x7fcac8402d50 .functor OR 1, L_0x7fcac84029d0, L_0x7fcac8402c00, C4<0>, C4<0>;
L_0x7fcac8403070 .functor AND 1, o0x1052941b8, L_0x7fcac8402fd0, C4<1>, C4<1>;
L_0x7fcac8403220 .functor NOT 1, o0x1052941b8, C4<0>, C4<0>, C4<0>;
L_0x7fcac8403380 .functor AND 1, L_0x7fcac8403220, L_0x7fcac8403290, C4<1>, C4<1>;
L_0x7fcac8402540 .functor OR 1, L_0x7fcac8403070, L_0x7fcac8403380, C4<0>, C4<0>;
L_0x7fcac8403570 .functor BUFZ 4, L_0x7fcac8402e00, C4<0000>, C4<0000>, C4<0000>;
v0x7fcac8523190_0 .net "CE", 0 0, o0x1052941b8;  alias, 0 drivers
v0x7fcac8523230_0 .net "IN_1", 3 0, v0x7fcac85248f0_0;  1 drivers
v0x7fcac85232e0_0 .net "IN_2", 3 0, L_0x7fcac8401cf0;  alias, 1 drivers
v0x7fcac85233a0_0 .net "OUT", 3 0, L_0x7fcac8403570;  alias, 1 drivers
v0x7fcac8523460_0 .net "Swiching_wire", 3 0, L_0x7fcac8402e00;  1 drivers
v0x7fcac8523540_0 .net *"_s10", 0 0, L_0x7fcac8402190;  1 drivers
v0x7fcac85235f0_0 .net *"_s12", 0 0, L_0x7fcac8402280;  1 drivers
v0x7fcac85236a0_0 .net *"_s17", 0 0, L_0x7fcac8402390;  1 drivers
v0x7fcac8523750_0 .net *"_s18", 0 0, L_0x7fcac84024b0;  1 drivers
v0x7fcac8523860_0 .net *"_s20", 0 0, L_0x7fcac84025c0;  1 drivers
v0x7fcac8523910_0 .net *"_s23", 0 0, L_0x7fcac8402630;  1 drivers
v0x7fcac85239c0_0 .net *"_s24", 0 0, L_0x7fcac84026d0;  1 drivers
v0x7fcac8523a70_0 .net *"_s26", 0 0, L_0x7fcac8402840;  1 drivers
v0x7fcac8523b20_0 .net *"_s3", 0 0, L_0x7fcac8401e50;  1 drivers
v0x7fcac8523bd0_0 .net *"_s31", 0 0, L_0x7fcac8402930;  1 drivers
v0x7fcac8523c80_0 .net *"_s32", 0 0, L_0x7fcac84029d0;  1 drivers
v0x7fcac8523d30_0 .net *"_s34", 0 0, L_0x7fcac8402ad0;  1 drivers
v0x7fcac8523ec0_0 .net *"_s37", 0 0, L_0x7fcac8402b40;  1 drivers
v0x7fcac8523f50_0 .net *"_s38", 0 0, L_0x7fcac8402c00;  1 drivers
v0x7fcac8524000_0 .net *"_s4", 0 0, L_0x7fcac8401ef0;  1 drivers
v0x7fcac85240b0_0 .net *"_s40", 0 0, L_0x7fcac8402d50;  1 drivers
v0x7fcac8524160_0 .net *"_s46", 0 0, L_0x7fcac8402fd0;  1 drivers
v0x7fcac8524210_0 .net *"_s47", 0 0, L_0x7fcac8403070;  1 drivers
v0x7fcac85242c0_0 .net *"_s49", 0 0, L_0x7fcac8403220;  1 drivers
v0x7fcac8524370_0 .net *"_s52", 0 0, L_0x7fcac8403290;  1 drivers
v0x7fcac8524420_0 .net *"_s53", 0 0, L_0x7fcac8403380;  1 drivers
v0x7fcac85244d0_0 .net *"_s55", 0 0, L_0x7fcac8402540;  1 drivers
v0x7fcac8524580_0 .net *"_s6", 0 0, L_0x7fcac8401fe0;  1 drivers
v0x7fcac8524630_0 .net *"_s9", 0 0, L_0x7fcac8402050;  1 drivers
L_0x7fcac8401e50 .part L_0x7fcac8401cf0, 3, 1;
L_0x7fcac8402050 .part v0x7fcac85248f0_0, 3, 1;
L_0x7fcac8402390 .part L_0x7fcac8401cf0, 2, 1;
L_0x7fcac8402630 .part v0x7fcac85248f0_0, 2, 1;
L_0x7fcac8402930 .part L_0x7fcac8401cf0, 1, 1;
L_0x7fcac8402b40 .part v0x7fcac85248f0_0, 1, 1;
L_0x7fcac8402e00 .concat8 [ 1 1 1 1], L_0x7fcac8402540, L_0x7fcac8402d50, L_0x7fcac8402840, L_0x7fcac8402280;
L_0x7fcac8402fd0 .part L_0x7fcac8401cf0, 0, 1;
L_0x7fcac8403290 .part v0x7fcac85248f0_0, 0, 1;
    .scope S_0x7fcac8512fd0;
T_0 ;
    %wait E_0x7fcac8503270;
    %load/vec4 v0x7fcac8522e50_0;
    %pad/u 32;
    %cmpi/e 0, 0, 32;
    %jmp/0xz  T_0.0, 4;
    %pushi/vec4 0, 0, 4;
    %store/vec4 v0x7fcac8522c30_0, 0, 4;
    %jmp T_0.1;
T_0.0 ;
    %load/vec4 v0x7fcac8522ce0_0;
    %store/vec4 v0x7fcac8522c30_0, 0, 4;
T_0.1 ;
    %jmp T_0;
    .thread T_0;
    .scope S_0x7fcac85132c0;
T_1 ;
    %load/vec4 v0x7fcac8524860_0;
    %store/vec4 v0x7fcac85248f0_0, 0, 4;
    %end;
    .thread T_1;
    .scope S_0x7fcac85132c0;
T_2 ;
    %wait E_0x7fcac8502ae0;
    %load/vec4 v0x7fcac8525150_0;
    %store/vec4 v0x7fcac85248f0_0, 0, 4;
    %jmp T_2;
    .thread T_2, $push;
# The file index is used to find the file name in the following table.
:file_names 5;
    "N/A";
    "<interactive>";
    "/Users/koki/workspace/tus/verilog/DigitalCircuit2/IdeaB.v";
    "/Users/koki/workspace/tus/verilog/DigitalCircuit2//libs/D_FF.v";
    "/Users/koki/workspace/tus/verilog/DigitalCircuit2//libs/Switching.v";
