#! /usr/local/Cellar/icarus-verilog/10.3/bin/vvp
:ivl_version "10.3 (stable)" "(v10_3)";
:ivl_delay_selection "TYPICAL";
:vpi_time_precision + 0;
:vpi_module "system";
:vpi_module "vhdl_sys";
:vpi_module "v2005_math";
:vpi_module "va_math";
S_0x7fd192709760 .scope module, "Runner" "Runner" 2 3;
 .timescale 0 0;
v0x7fd192724ca0_0 .var "CE", 0 0;
v0x7fd192724d40_0 .var "CLK", 0 0;
v0x7fd192724e20_0 .var "RST", 0 0;
v0x7fd192724ef0_0 .var "TIME", 7 0;
v0x7fd192724f80_0 .net "result", 3 0, L_0x7fd192729c20;  1 drivers
v0x7fd192725050_0 .net "result_logic", 3 0, L_0x7fd192729680;  1 drivers
v0x7fd1927250e0_0 .net "result_switching", 3 0, L_0x7fd1927299f0;  1 drivers
E_0x7fd192702050 .event posedge, v0x7fd1927043c0_0;
S_0x7fd1927041b0 .scope module, "idea" "IdeaA" 2 10, 3 4 0, S_0x7fd192709760;
 .timescale 0 0;
    .port_info 0 /INPUT 1 "RST"
    .port_info 1 /INPUT 1 "CLK"
    .port_info 2 /INPUT 1 "CE"
    .port_info 3 /INPUT 4 "IN"
    .port_info 4 /OUTPUT 4 "OUT"
    .port_info 5 /OUTPUT 4 "OUT_LOGIC"
    .port_info 6 /OUTPUT 4 "OUT_SWITCHING"
L_0x7fd192725290 .functor NOT 1, L_0x7fd192725190, C4<0>, C4<0>, C4<0>;
L_0x7fd1927253e0 .functor AND 1, L_0x7fd192725290, L_0x7fd192725340, C4<1>, C4<1>;
L_0x7fd1927256d0 .functor AND 1, L_0x7fd192725510, L_0x7fd192725630, C4<1>, C4<1>;
L_0x7fd1927257e0 .functor OR 1, L_0x7fd1927253e0, L_0x7fd1927256d0, C4<0>, C4<0>;
L_0x7fd192725a30 .functor AND 1, L_0x7fd1927258f0, L_0x7fd192725990, C4<1>, C4<1>;
L_0x7fd192725b90 .functor OR 1, L_0x7fd1927257e0, L_0x7fd192725a30, C4<0>, C4<0>;
L_0x7fd1927255b0 .functor NOT 1, L_0x7fd192725c80, C4<0>, C4<0>, C4<0>;
L_0x7fd192725f80 .functor NOT 1, L_0x7fd192725ee0, C4<0>, C4<0>, C4<0>;
L_0x7fd192726030 .functor AND 1, L_0x7fd1927255b0, L_0x7fd192725f80, C4<1>, C4<1>;
L_0x7fd192726260 .functor NOT 1, L_0x7fd192726170, C4<0>, C4<0>, C4<0>;
L_0x7fd1927262d0 .functor AND 1, L_0x7fd192726030, L_0x7fd192726260, C4<1>, C4<1>;
L_0x7fd192726580 .functor AND 1, L_0x7fd1927263e0, L_0x7fd192726480, C4<1>, C4<1>;
L_0x7fd192726630 .functor OR 1, L_0x7fd1927262d0, L_0x7fd192726580, C4<0>, C4<0>;
L_0x7fd192726940 .functor AND 1, L_0x7fd192726790, L_0x7fd192726830, C4<1>, C4<1>;
L_0x7fd1927269f0 .functor OR 1, L_0x7fd192726630, L_0x7fd192726940, C4<0>, C4<0>;
L_0x7fd192726720 .functor NOT 1, L_0x7fd192726b60, C4<0>, C4<0>, C4<0>;
L_0x7fd1927268d0 .functor NOT 1, L_0x7fd192726c00, C4<0>, C4<0>, C4<0>;
L_0x7fd192726f30 .functor AND 1, L_0x7fd192726720, L_0x7fd1927268d0, C4<1>, C4<1>;
L_0x7fd192727170 .functor AND 1, L_0x7fd192726fa0, L_0x7fd192727040, C4<1>, C4<1>;
L_0x7fd1927272c0 .functor OR 1, L_0x7fd192726f30, L_0x7fd192727170, C4<0>, C4<0>;
L_0x7fd1927273d0 .functor NOT 1, L_0x7fd192727330, C4<0>, C4<0>, C4<0>;
L_0x7fd1927275d0 .functor AND 1, L_0x7fd1927273d0, L_0x7fd192727220, C4<1>, C4<1>;
L_0x7fd192727680 .functor OR 1, L_0x7fd1927272c0, L_0x7fd1927275d0, C4<0>, C4<0>;
L_0x7fd192727aa0 .functor NOT 1, L_0x7fd192727950, C4<0>, C4<0>, C4<0>;
L_0x7fd192727540 .functor NOT 1, L_0x7fd192727b10, C4<0>, C4<0>, C4<0>;
L_0x7fd192727cc0 .functor AND 1, L_0x7fd192727aa0, L_0x7fd192727540, C4<1>, C4<1>;
L_0x7fd1927279f0 .functor NOT 1, L_0x7fd192727e90, C4<0>, C4<0>, C4<0>;
L_0x7fd192728010 .functor AND 1, L_0x7fd192727d30, L_0x7fd1927279f0, C4<1>, C4<1>;
L_0x7fd192728080 .functor OR 1, L_0x7fd192727cc0, L_0x7fd192728010, C4<0>, C4<0>;
L_0x7fd192729680 .functor BUFZ 4, L_0x7fd192727830, C4<0000>, C4<0000>, C4<0000>;
L_0x7fd1927299f0 .functor BUFZ 4, L_0x7fd1927297c0, C4<0000>, C4<0000>, C4<0000>;
L_0x7fd192729c20 .functor BUFZ 4, v0x7fd192720450_0, C4<0000>, C4<0000>, C4<0000>;
v0x7fd192721f60_0 .net "CE", 0 0, v0x7fd192724ca0_0;  1 drivers
v0x7fd192721ff0_0 .net "CLK", 0 0, v0x7fd192724d40_0;  1 drivers
L_0x100b6a008 .functor BUFT 1, C4<0101>, C4<0>, C4<0>, C4<0>;
v0x7fd192722080_0 .net "IN", 3 0, L_0x100b6a008;  1 drivers
v0x7fd192722110_0 .var "IdeaA_reg", 3 0;
v0x7fd1927221a0_0 .net "OUT", 3 0, L_0x7fd192729c20;  alias, 1 drivers
v0x7fd192722270_0 .net "OUT_LOGIC", 3 0, L_0x7fd192729680;  alias, 1 drivers
v0x7fd192722320_0 .net "OUT_SWITCHING", 3 0, L_0x7fd1927299f0;  alias, 1 drivers
v0x7fd1927223d0_0 .net "RST", 0 0, v0x7fd192724e20_0;  1 drivers
v0x7fd192722460_0 .net *"_s101", 0 0, L_0x7fd192727cc0;  1 drivers
v0x7fd192722580_0 .net *"_s104", 0 0, L_0x7fd192727d30;  1 drivers
v0x7fd192722630_0 .net *"_s106", 0 0, L_0x7fd192727e90;  1 drivers
v0x7fd1927226e0_0 .net *"_s107", 0 0, L_0x7fd1927279f0;  1 drivers
v0x7fd192722790_0 .net *"_s109", 0 0, L_0x7fd192728010;  1 drivers
v0x7fd192722840_0 .net *"_s11", 0 0, L_0x7fd192725510;  1 drivers
v0x7fd1927228f0_0 .net *"_s111", 0 0, L_0x7fd192728080;  1 drivers
v0x7fd1927229a0_0 .net *"_s13", 0 0, L_0x7fd192725630;  1 drivers
v0x7fd192722a50_0 .net *"_s14", 0 0, L_0x7fd1927256d0;  1 drivers
v0x7fd192722be0_0 .net *"_s16", 0 0, L_0x7fd1927257e0;  1 drivers
v0x7fd192722c70_0 .net *"_s19", 0 0, L_0x7fd1927258f0;  1 drivers
v0x7fd192722d20_0 .net *"_s21", 0 0, L_0x7fd192725990;  1 drivers
v0x7fd192722dd0_0 .net *"_s22", 0 0, L_0x7fd192725a30;  1 drivers
v0x7fd192722e80_0 .net *"_s24", 0 0, L_0x7fd192725b90;  1 drivers
v0x7fd192722f30_0 .net *"_s29", 0 0, L_0x7fd192725c80;  1 drivers
v0x7fd192722fe0_0 .net *"_s3", 0 0, L_0x7fd192725190;  1 drivers
v0x7fd192723090_0 .net *"_s30", 0 0, L_0x7fd1927255b0;  1 drivers
v0x7fd192723140_0 .net *"_s33", 0 0, L_0x7fd192725ee0;  1 drivers
v0x7fd1927231f0_0 .net *"_s34", 0 0, L_0x7fd192725f80;  1 drivers
v0x7fd1927232a0_0 .net *"_s36", 0 0, L_0x7fd192726030;  1 drivers
v0x7fd192723350_0 .net *"_s39", 0 0, L_0x7fd192726170;  1 drivers
v0x7fd192723400_0 .net *"_s4", 0 0, L_0x7fd192725290;  1 drivers
v0x7fd1927234b0_0 .net *"_s40", 0 0, L_0x7fd192726260;  1 drivers
v0x7fd192723560_0 .net *"_s42", 0 0, L_0x7fd1927262d0;  1 drivers
v0x7fd192723610_0 .net *"_s45", 0 0, L_0x7fd1927263e0;  1 drivers
v0x7fd192722b00_0 .net *"_s47", 0 0, L_0x7fd192726480;  1 drivers
v0x7fd1927238a0_0 .net *"_s48", 0 0, L_0x7fd192726580;  1 drivers
v0x7fd192723930_0 .net *"_s50", 0 0, L_0x7fd192726630;  1 drivers
v0x7fd1927239d0_0 .net *"_s53", 0 0, L_0x7fd192726790;  1 drivers
v0x7fd192723a80_0 .net *"_s55", 0 0, L_0x7fd192726830;  1 drivers
v0x7fd192723b30_0 .net *"_s56", 0 0, L_0x7fd192726940;  1 drivers
v0x7fd192723be0_0 .net *"_s58", 0 0, L_0x7fd1927269f0;  1 drivers
v0x7fd192723c90_0 .net *"_s63", 0 0, L_0x7fd192726b60;  1 drivers
v0x7fd192723d40_0 .net *"_s64", 0 0, L_0x7fd192726720;  1 drivers
v0x7fd192723df0_0 .net *"_s67", 0 0, L_0x7fd192726c00;  1 drivers
v0x7fd192723ea0_0 .net *"_s68", 0 0, L_0x7fd1927268d0;  1 drivers
v0x7fd192723f50_0 .net *"_s7", 0 0, L_0x7fd192725340;  1 drivers
v0x7fd192724000_0 .net *"_s70", 0 0, L_0x7fd192726f30;  1 drivers
v0x7fd1927240b0_0 .net *"_s73", 0 0, L_0x7fd192726fa0;  1 drivers
v0x7fd192724160_0 .net *"_s75", 0 0, L_0x7fd192727040;  1 drivers
v0x7fd192724210_0 .net *"_s76", 0 0, L_0x7fd192727170;  1 drivers
v0x7fd1927242c0_0 .net *"_s78", 0 0, L_0x7fd1927272c0;  1 drivers
v0x7fd192724370_0 .net *"_s8", 0 0, L_0x7fd1927253e0;  1 drivers
v0x7fd192724420_0 .net *"_s81", 0 0, L_0x7fd192727330;  1 drivers
v0x7fd1927244d0_0 .net *"_s82", 0 0, L_0x7fd1927273d0;  1 drivers
v0x7fd192724580_0 .net *"_s85", 0 0, L_0x7fd192727220;  1 drivers
v0x7fd192724630_0 .net *"_s86", 0 0, L_0x7fd1927275d0;  1 drivers
v0x7fd1927246e0_0 .net *"_s88", 0 0, L_0x7fd192727680;  1 drivers
v0x7fd192724790_0 .net *"_s94", 0 0, L_0x7fd192727950;  1 drivers
v0x7fd192724840_0 .net *"_s95", 0 0, L_0x7fd192727aa0;  1 drivers
v0x7fd1927248f0_0 .net *"_s98", 0 0, L_0x7fd192727b10;  1 drivers
v0x7fd1927249a0_0 .net *"_s99", 0 0, L_0x7fd192727540;  1 drivers
v0x7fd192724a50_0 .net "d", 3 0, L_0x7fd1927297c0;  1 drivers
v0x7fd192724b30_0 .net "db", 3 0, L_0x7fd192727830;  1 drivers
v0x7fd192724bc0_0 .net "q", 3 0, v0x7fd192720450_0;  1 drivers
E_0x7fd1927027e0 .event edge, v0x7fd1927205c0_0;
L_0x7fd192725190 .part v0x7fd192722110_0, 1, 1;
L_0x7fd192725340 .part v0x7fd192722110_0, 0, 1;
L_0x7fd192725510 .part v0x7fd192722110_0, 3, 1;
L_0x7fd192725630 .part v0x7fd192722110_0, 1, 1;
L_0x7fd1927258f0 .part v0x7fd192722110_0, 3, 1;
L_0x7fd192725990 .part v0x7fd192722110_0, 2, 1;
L_0x7fd192725c80 .part v0x7fd192722110_0, 2, 1;
L_0x7fd192725ee0 .part v0x7fd192722110_0, 1, 1;
L_0x7fd192726170 .part v0x7fd192722110_0, 0, 1;
L_0x7fd1927263e0 .part v0x7fd192722110_0, 2, 1;
L_0x7fd192726480 .part v0x7fd192722110_0, 0, 1;
L_0x7fd192726790 .part v0x7fd192722110_0, 2, 1;
L_0x7fd192726830 .part v0x7fd192722110_0, 1, 1;
L_0x7fd192726b60 .part v0x7fd192722110_0, 1, 1;
L_0x7fd192726c00 .part v0x7fd192722110_0, 0, 1;
L_0x7fd192726fa0 .part v0x7fd192722110_0, 1, 1;
L_0x7fd192727040 .part v0x7fd192722110_0, 0, 1;
L_0x7fd192727330 .part v0x7fd192722110_0, 3, 1;
L_0x7fd192727220 .part v0x7fd192722110_0, 0, 1;
L_0x7fd192727830 .concat8 [ 1 1 1 1], L_0x7fd192728080, L_0x7fd192727680, L_0x7fd1927269f0, L_0x7fd192725b90;
L_0x7fd192727950 .part v0x7fd192722110_0, 1, 1;
L_0x7fd192727b10 .part v0x7fd192722110_0, 0, 1;
L_0x7fd192727d30 .part v0x7fd192722110_0, 1, 1;
L_0x7fd192727e90 .part v0x7fd192722110_0, 0, 1;
S_0x7fd192710b10 .scope module, "d_ff" "D_FF" 3 40, 4 1 0, S_0x7fd1927041b0;
 .timescale 0 0;
    .port_info 0 /INPUT 1 "RST"
    .port_info 1 /INPUT 1 "CLK"
    .port_info 2 /INPUT 4 "IN"
    .port_info 3 /OUTPUT 4 "OUT"
v0x7fd1927043c0_0 .net "CLK", 0 0, v0x7fd192724d40_0;  alias, 1 drivers
v0x7fd192720450_0 .var "D_FF_reg", 3 0;
v0x7fd192720500_0 .net "IN", 3 0, L_0x7fd1927297c0;  alias, 1 drivers
v0x7fd1927205c0_0 .net "OUT", 3 0, v0x7fd192720450_0;  alias, 1 drivers
v0x7fd192720670_0 .net "RST", 0 0, v0x7fd192724e20_0;  alias, 1 drivers
E_0x7fd192701a40/0 .event negedge, v0x7fd192720670_0;
E_0x7fd192701a40/1 .event posedge, v0x7fd1927043c0_0;
E_0x7fd192701a40 .event/or E_0x7fd192701a40/0, E_0x7fd192701a40/1;
S_0x7fd192720790 .scope module, "switching" "Switching" 3 39, 5 1 0, S_0x7fd1927041b0;
 .timescale 0 0;
    .port_info 0 /INPUT 1 "CE"
    .port_info 1 /INPUT 4 "IN_1"
    .port_info 2 /INPUT 4 "IN_2"
    .port_info 3 /OUTPUT 4 "OUT"
L_0x7fd192727f30 .functor AND 1, v0x7fd192724ca0_0, L_0x7fd192728260, C4<1>, C4<1>;
L_0x7fd192727fa0 .functor NOT 1, v0x7fd192724ca0_0, C4<0>, C4<0>, C4<0>;
L_0x7fd192728440 .functor AND 1, L_0x7fd192727fa0, L_0x7fd192728380, C4<1>, C4<1>;
L_0x7fd192728530 .functor OR 1, L_0x7fd192727f30, L_0x7fd192728440, C4<0>, C4<0>;
L_0x7fd192728760 .functor AND 1, v0x7fd192724ca0_0, L_0x7fd192728640, C4<1>, C4<1>;
L_0x7fd192728840 .functor NOT 1, v0x7fd192724ca0_0, C4<0>, C4<0>, C4<0>;
L_0x7fd192728950 .functor AND 1, L_0x7fd192728840, L_0x7fd1927288b0, C4<1>, C4<1>;
L_0x7fd192728ac0 .functor OR 1, L_0x7fd192728760, L_0x7fd192728950, C4<0>, C4<0>;
L_0x7fd192728c50 .functor AND 1, v0x7fd192724ca0_0, L_0x7fd192728bb0, C4<1>, C4<1>;
L_0x7fd192728d50 .functor NOT 1, v0x7fd192724ca0_0, C4<0>, C4<0>, C4<0>;
L_0x7fd192728300 .functor AND 1, L_0x7fd192728d50, L_0x7fd192728ec0, C4<1>, C4<1>;
L_0x7fd192729060 .functor OR 1, L_0x7fd192728c50, L_0x7fd192728300, C4<0>, C4<0>;
L_0x7fd192729380 .functor AND 1, v0x7fd192724ca0_0, L_0x7fd1927292e0, C4<1>, C4<1>;
L_0x7fd1927294a0 .functor NOT 1, v0x7fd192724ca0_0, C4<0>, C4<0>, C4<0>;
L_0x7fd1927295b0 .functor AND 1, L_0x7fd1927294a0, L_0x7fd192729510, C4<1>, C4<1>;
L_0x7fd192729430 .functor OR 1, L_0x7fd192729380, L_0x7fd1927295b0, C4<0>, C4<0>;
L_0x7fd1927297c0 .functor BUFZ 4, L_0x7fd192729110, C4<0000>, C4<0000>, C4<0000>;
v0x7fd1927209b0_0 .net "CE", 0 0, v0x7fd192724ca0_0;  alias, 1 drivers
v0x7fd192720a50_0 .net "IN_1", 3 0, v0x7fd192722110_0;  1 drivers
v0x7fd192720b00_0 .net "IN_2", 3 0, L_0x7fd192727830;  alias, 1 drivers
v0x7fd192720bc0_0 .net "OUT", 3 0, L_0x7fd1927297c0;  alias, 1 drivers
v0x7fd192720c80_0 .net "Swiching_wire", 3 0, L_0x7fd192729110;  1 drivers
v0x7fd192720d60_0 .net *"_s10", 0 0, L_0x7fd192728440;  1 drivers
v0x7fd192720e10_0 .net *"_s12", 0 0, L_0x7fd192728530;  1 drivers
v0x7fd192720ec0_0 .net *"_s17", 0 0, L_0x7fd192728640;  1 drivers
v0x7fd192720f70_0 .net *"_s18", 0 0, L_0x7fd192728760;  1 drivers
v0x7fd192721080_0 .net *"_s20", 0 0, L_0x7fd192728840;  1 drivers
v0x7fd192721130_0 .net *"_s23", 0 0, L_0x7fd1927288b0;  1 drivers
v0x7fd1927211e0_0 .net *"_s24", 0 0, L_0x7fd192728950;  1 drivers
v0x7fd192721290_0 .net *"_s26", 0 0, L_0x7fd192728ac0;  1 drivers
v0x7fd192721340_0 .net *"_s3", 0 0, L_0x7fd192728260;  1 drivers
v0x7fd1927213f0_0 .net *"_s31", 0 0, L_0x7fd192728bb0;  1 drivers
v0x7fd1927214a0_0 .net *"_s32", 0 0, L_0x7fd192728c50;  1 drivers
v0x7fd192721550_0 .net *"_s34", 0 0, L_0x7fd192728d50;  1 drivers
v0x7fd1927216e0_0 .net *"_s37", 0 0, L_0x7fd192728ec0;  1 drivers
v0x7fd192721770_0 .net *"_s38", 0 0, L_0x7fd192728300;  1 drivers
v0x7fd192721820_0 .net *"_s4", 0 0, L_0x7fd192727f30;  1 drivers
v0x7fd1927218d0_0 .net *"_s40", 0 0, L_0x7fd192729060;  1 drivers
v0x7fd192721980_0 .net *"_s46", 0 0, L_0x7fd1927292e0;  1 drivers
v0x7fd192721a30_0 .net *"_s47", 0 0, L_0x7fd192729380;  1 drivers
v0x7fd192721ae0_0 .net *"_s49", 0 0, L_0x7fd1927294a0;  1 drivers
v0x7fd192721b90_0 .net *"_s52", 0 0, L_0x7fd192729510;  1 drivers
v0x7fd192721c40_0 .net *"_s53", 0 0, L_0x7fd1927295b0;  1 drivers
v0x7fd192721cf0_0 .net *"_s55", 0 0, L_0x7fd192729430;  1 drivers
v0x7fd192721da0_0 .net *"_s6", 0 0, L_0x7fd192727fa0;  1 drivers
v0x7fd192721e50_0 .net *"_s9", 0 0, L_0x7fd192728380;  1 drivers
L_0x7fd192728260 .part L_0x7fd192727830, 3, 1;
L_0x7fd192728380 .part v0x7fd192722110_0, 3, 1;
L_0x7fd192728640 .part L_0x7fd192727830, 2, 1;
L_0x7fd1927288b0 .part v0x7fd192722110_0, 2, 1;
L_0x7fd192728bb0 .part L_0x7fd192727830, 1, 1;
L_0x7fd192728ec0 .part v0x7fd192722110_0, 1, 1;
L_0x7fd192729110 .concat8 [ 1 1 1 1], L_0x7fd192729430, L_0x7fd192729060, L_0x7fd192728ac0, L_0x7fd192728530;
L_0x7fd1927292e0 .part L_0x7fd192727830, 0, 1;
L_0x7fd192729510 .part v0x7fd192722110_0, 0, 1;
    .scope S_0x7fd192710b10;
T_0 ;
    %wait E_0x7fd192701a40;
    %load/vec4 v0x7fd192720670_0;
    %pad/u 32;
    %cmpi/e 0, 0, 32;
    %jmp/0xz  T_0.0, 4;
    %pushi/vec4 0, 0, 4;
    %store/vec4 v0x7fd192720450_0, 0, 4;
    %jmp T_0.1;
T_0.0 ;
    %load/vec4 v0x7fd192720500_0;
    %store/vec4 v0x7fd192720450_0, 0, 4;
T_0.1 ;
    %jmp T_0;
    .thread T_0;
    .scope S_0x7fd1927041b0;
T_1 ;
    %load/vec4 v0x7fd192722080_0;
    %store/vec4 v0x7fd192722110_0, 0, 4;
    %end;
    .thread T_1;
    .scope S_0x7fd1927041b0;
T_2 ;
    %wait E_0x7fd1927027e0;
    %load/vec4 v0x7fd192724bc0_0;
    %store/vec4 v0x7fd192722110_0, 0, 4;
    %jmp T_2;
    .thread T_2, $push;
    .scope S_0x7fd192709760;
T_3 ;
    %pushi/vec4 0, 0, 1;
    %store/vec4 v0x7fd192724d40_0, 0, 1;
    %pushi/vec4 0, 0, 8;
    %store/vec4 v0x7fd192724ef0_0, 0, 8;
    %pushi/vec4 0, 0, 1;
    %store/vec4 v0x7fd192724ca0_0, 0, 1;
    %pushi/vec4 0, 0, 1;
    %store/vec4 v0x7fd192724e20_0, 0, 1;
    %vpi_call 2 18 "$write", "[%t] counter: %b\012", $time, v0x7fd192724f80_0 {0 0 0};
T_3.0 ;
    %delay 1, 0;
    %load/vec4 v0x7fd192724ef0_0;
    %pushi/vec4 1, 0, 8;
    %add;
    %store/vec4 v0x7fd192724ef0_0, 0, 8;
    %load/vec4 v0x7fd192724d40_0;
    %inv;
    %store/vec4 v0x7fd192724d40_0, 0, 1;
    %load/vec4 v0x7fd192724ef0_0;
    %pad/u 32;
    %pushi/vec4 6, 0, 32;
    %mod;
    %cmpi/e 2, 0, 32;
    %flag_mov 8, 4;
    %load/vec4 v0x7fd192724ef0_0;
    %pad/u 32;
    %pushi/vec4 6, 0, 32;
    %mod;
    %cmpi/e 4, 0, 32;
    %flag_or 6, 8;
    %jmp/0xz  T_3.1, 6;
    %load/vec4 v0x7fd192724ca0_0;
    %inv;
    %store/vec4 v0x7fd192724ca0_0, 0, 1;
T_3.1 ;
    %load/vec4 v0x7fd192724ef0_0;
    %pad/u 32;
    %cmpi/e 10, 0, 32;
    %jmp/0xz  T_3.3, 4;
    %pushi/vec4 1, 0, 1;
    %store/vec4 v0x7fd192724e20_0, 0, 1;
T_3.3 ;
    %load/vec4 v0x7fd192724ef0_0;
    %pad/u 32;
    %cmpi/e 110, 0, 32;
    %jmp/0xz  T_3.5, 4;
    %pushi/vec4 0, 0, 1;
    %store/vec4 v0x7fd192724e20_0, 0, 1;
T_3.5 ;
    %jmp T_3.0;
    %end;
    .thread T_3;
    .scope S_0x7fd192709760;
T_4 ;
    %delay 120, 0;
    %vpi_call 2 34 "$finish" {0 0 0};
    %end;
    .thread T_4;
    .scope S_0x7fd192709760;
T_5 ;
    %wait E_0x7fd192702050;
    %vpi_call 2 37 "$write", "[%t] counter: %b\012", $time, v0x7fd192724f80_0 {0 0 0};
    %jmp T_5;
    .thread T_5;
    .scope S_0x7fd192709760;
T_6 ;
    %vpi_call 2 40 "$dumpfile", "IdeaA.vcd" {0 0 0};
    %vpi_call 2 41 "$dumpvars", 32'sb00000000000000000000000000000000, v0x7fd192724e20_0 {0 0 0};
    %vpi_call 2 42 "$dumpvars", 32'sb00000000000000000000000000000000, v0x7fd192724d40_0 {0 0 0};
    %vpi_call 2 43 "$dumpvars", 32'sb00000000000000000000000000000000, v0x7fd192724ca0_0 {0 0 0};
    %vpi_call 2 44 "$dumpvars", 32'sb00000000000000000000000000000000, v0x7fd192724f80_0 {0 0 0};
    %vpi_call 2 45 "$dumpvars", 32'sb00000000000000000000000000000000, v0x7fd192725050_0 {0 0 0};
    %vpi_call 2 46 "$dumpvars", 32'sb00000000000000000000000000000000, v0x7fd1927250e0_0 {0 0 0};
    %end;
    .thread T_6;
# The file index is used to find the file name in the following table.
:file_names 6;
    "N/A";
    "<interactive>";
    "/Users/koki/workspace/tus/verilog/DigitalCircuit2/Runner.v";
    "/Users/koki/workspace/tus/verilog/DigitalCircuit2//IdeaA.v";
    "/Users/koki/workspace/tus/verilog/DigitalCircuit2//libs/D_FF.v";
    "/Users/koki/workspace/tus/verilog/DigitalCircuit2//libs/Switching.v";
