#! /usr/local/Cellar/icarus-verilog/10.3/bin/vvp
:ivl_version "10.3 (stable)" "(v10_3)";
:ivl_delay_selection "TYPICAL";
:vpi_time_precision + 0;
:vpi_module "system";
:vpi_module "vhdl_sys";
:vpi_module "v2005_math";
:vpi_module "va_math";
S_0x7f9f34701060 .scope module, "KeyOnDetB" "KeyOnDetB" 2 1;
 .timescale 0 0;
    .port_info 0 /INPUT 1 "RST"
    .port_info 1 /INPUT 1 "C1K"
    .port_info 2 /INPUT 1 "BTN"
    .port_info 3 /OUTPUT 1 "DET"
o0x1060b8008 .functor BUFZ 1, C4<z>; HiZ drive
L_0x7f9f34711950 .functor AND 1, L_0x7f9f34711870, o0x1060b8008, C4<1>, C4<1>;
v0x7f9f347011c0_0 .net "BTN", 0 0, o0x1060b8008;  0 drivers
o0x1060b8038 .functor BUFZ 1, C4<z>; HiZ drive
v0x7f9f34711230_0 .net "C1K", 0 0, o0x1060b8038;  0 drivers
v0x7f9f347112d0_0 .var "CtD", 5 0;
v0x7f9f34711390_0 .var "CtQ", 5 0;
v0x7f9f34711440_0 .net "DET", 0 0, L_0x7f9f34711950;  1 drivers
v0x7f9f34711520_0 .var "KeyQ", 0 0;
o0x1060b8128 .functor BUFZ 1, C4<z>; HiZ drive
v0x7f9f347115c0_0 .net "RST", 0 0, o0x1060b8128;  0 drivers
L_0x1060e9008 .functor BUFT 1, C4<110010>, C4<0>, C4<0>, C4<0>;
v0x7f9f34711660_0 .net/2u *"_s0", 5 0, L_0x1060e9008;  1 drivers
v0x7f9f34711710_0 .net *"_s2", 0 0, L_0x7f9f34711870;  1 drivers
E_0x7f9f34700b50/0 .event negedge, v0x7f9f347115c0_0;
E_0x7f9f34700b50/1 .event posedge, v0x7f9f34711230_0;
E_0x7f9f34700b50 .event/or E_0x7f9f34700b50/0, E_0x7f9f34700b50/1;
E_0x7f9f34700aa0 .event edge, v0x7f9f34711520_0, v0x7f9f34711390_0, v0x7f9f347011c0_0;
L_0x7f9f34711870 .cmp/eq 6, v0x7f9f34711390_0, L_0x1060e9008;
    .scope S_0x7f9f34701060;
T_0 ;
    %wait E_0x7f9f34700aa0;
    %load/vec4 v0x7f9f347011c0_0;
    %pad/u 32;
    %cmpi/e 1, 0, 32;
    %jmp/0xz  T_0.0, 4;
    %pushi/vec4 50, 0, 6;
    %load/vec4 v0x7f9f34711390_0;
    %cmp/u;
    %jmp/0xz  T_0.2, 5;
    %pushi/vec4 63, 0, 6;
    %store/vec4 v0x7f9f347112d0_0, 0, 6;
    %jmp T_0.3;
T_0.2 ;
    %load/vec4 v0x7f9f34711390_0;
    %addi 1, 0, 6;
    %store/vec4 v0x7f9f347112d0_0, 0, 6;
T_0.3 ;
    %jmp T_0.1;
T_0.0 ;
    %pushi/vec4 0, 0, 6;
    %store/vec4 v0x7f9f347112d0_0, 0, 6;
T_0.1 ;
    %jmp T_0;
    .thread T_0, $push;
    .scope S_0x7f9f34701060;
T_1 ;
    %wait E_0x7f9f34700b50;
    %load/vec4 v0x7f9f347115c0_0;
    %pad/u 32;
    %cmpi/e 0, 0, 32;
    %jmp/0xz  T_1.0, 4;
    %pushi/vec4 0, 0, 6;
    %store/vec4 v0x7f9f34711390_0, 0, 6;
    %jmp T_1.1;
T_1.0 ;
    %load/vec4 v0x7f9f347112d0_0;
    %store/vec4 v0x7f9f34711390_0, 0, 6;
T_1.1 ;
    %jmp T_1;
    .thread T_1;
# The file index is used to find the file name in the following table.
:file_names 3;
    "N/A";
    "<interactive>";
    "/Users/koki/workspace/tus/verilog/DigitalCircuit2/libs/KeyOnDetB.v";
