#! /usr/local/Cellar/icarus-verilog/10.3/bin/vvp
:ivl_version "10.3 (stable)" "(v10_3)";
:ivl_delay_selection "TYPICAL";
:vpi_time_precision + 0;
:vpi_module "system";
:vpi_module "vhdl_sys";
:vpi_module "v2005_math";
:vpi_module "va_math";
S_0x7fc980e00a60 .scope module, "LEDConv4DC" "LEDConv4DC" 2 1;
 .timescale 0 0;
    .port_info 0 /INPUT 1 "RST"
    .port_info 1 /INPUT 1 "C1K"
    .port_info 2 /INPUT 4 "ValA"
    .port_info 3 /INPUT 4 "ValB"
    .port_info 4 /INPUT 4 "ValC"
    .port_info 5 /INPUT 4 "ValD"
    .port_info 6 /INPUT 7 "CharA"
    .port_info 7 /INPUT 7 "CharB"
    .port_info 8 /INPUT 7 "CharC"
    .port_info 9 /INPUT 7 "CharD"
    .port_info 10 /INPUT 4 "Cntrl"
    .port_info 11 /INPUT 4 "Brank"
    .port_info 12 /INPUT 4 "DPI"
    .port_info 13 /OUTPUT 4 "AN"
    .port_info 14 /OUTPUT 7 "C"
    .port_info 15 /OUTPUT 1 "DPO"
o0x10cd410c8 .functor BUFZ 1, C4<z>; HiZ drive
L_0x7fc980e42790 .functor AND 1, L_0x7fc980e426b0, o0x10cd410c8, C4<1>, C4<1>;
L_0x7fc980e429c0 .functor OR 1, L_0x7fc980e42790, L_0x7fc980e42880, C4<0>, C4<0>;
L_0x7fc980e42c30 .functor AND 1, L_0x7fc980e42ab0, L_0x7fc980e42b90, C4<1>, C4<1>;
L_0x7fc980e42d60 .functor NOT 1, L_0x7fc980e42c30, C4<0>, C4<0>, C4<0>;
L_0x7fc980e42e40 .functor OR 1, L_0x7fc980e42d60, L_0x7fc980e429c0, C4<0>, C4<0>;
L_0x7fc980e430f0 .functor NOT 1, L_0x7fc980e43050, C4<0>, C4<0>, C4<0>;
L_0x7fc980e431a0 .functor AND 1, L_0x7fc980e42f30, L_0x7fc980e430f0, C4<1>, C4<1>;
L_0x7fc980e432b0 .functor NOT 1, L_0x7fc980e431a0, C4<0>, C4<0>, C4<0>;
L_0x7fc980e433b0 .functor OR 1, L_0x7fc980e432b0, L_0x7fc980e429c0, C4<0>, C4<0>;
L_0x7fc980e43500 .functor NOT 1, L_0x7fc980e43420, C4<0>, C4<0>, C4<0>;
L_0x7fc980e436b0 .functor AND 1, L_0x7fc980e43500, L_0x7fc980e43610, C4<1>, C4<1>;
L_0x7fc980e437a0 .functor NOT 1, L_0x7fc980e436b0, C4<0>, C4<0>, C4<0>;
L_0x7fc980e438c0 .functor OR 1, L_0x7fc980e437a0, L_0x7fc980e429c0, C4<0>, C4<0>;
L_0x7fc980e43cc0 .functor NOT 1, L_0x7fc980e43b20, C4<0>, C4<0>, C4<0>;
L_0x7fc980e43dd0 .functor NOT 1, L_0x7fc980e43d30, C4<0>, C4<0>, C4<0>;
L_0x7fc980e43e40 .functor AND 1, L_0x7fc980e43cc0, L_0x7fc980e43dd0, C4<1>, C4<1>;
L_0x7fc980e43fe0 .functor NOT 1, L_0x7fc980e43e40, C4<0>, C4<0>, C4<0>;
L_0x7fc980e44050 .functor OR 1, L_0x7fc980e43fe0, L_0x7fc980e429c0, C4<0>, C4<0>;
L_0x7fc980e441a0 .functor NOT 1, v0x7fc980e3e470_0, C4<0>, C4<0>, C4<0>;
L_0x7fc980e43f70 .functor AND 1, L_0x7fc980e441a0, L_0x7fc980e44210, C4<1>, C4<1>;
L_0x7fc980e44420 .functor OR 1, v0x7fc980e3ddb0_0, L_0x7fc980e43f70, C4<0>, C4<0>;
L_0x7fc980e44530 .functor AND 1, v0x7fc980e3e470_0, L_0x7fc980e44490, C4<1>, C4<1>;
L_0x7fc980e44700 .functor OR 1, L_0x7fc980e44420, L_0x7fc980e44530, C4<0>, C4<0>;
L_0x7fc980e44770 .functor NOT 1, v0x7fc980e3e470_0, C4<0>, C4<0>, C4<0>;
L_0x7fc980e44680 .functor AND 1, L_0x7fc980e44770, L_0x7fc980e448b0, C4<1>, C4<1>;
L_0x7fc980e449d0 .functor OR 1, v0x7fc980e3ddb0_0, L_0x7fc980e44680, C4<0>, C4<0>;
L_0x7fc980e43850 .functor AND 1, v0x7fc980e3e470_0, L_0x7fc980e44ba0, C4<1>, C4<1>;
L_0x7fc980e44cc0 .functor OR 1, L_0x7fc980e449d0, L_0x7fc980e43850, C4<0>, C4<0>;
L_0x7fc980e44ec0 .functor NOT 1, v0x7fc980e3e470_0, C4<0>, C4<0>, C4<0>;
L_0x7fc980e44f30 .functor AND 1, L_0x7fc980e44ec0, L_0x7fc980e44ac0, C4<1>, C4<1>;
L_0x7fc980e45120 .functor OR 1, v0x7fc980e3ddb0_0, L_0x7fc980e44f30, C4<0>, C4<0>;
L_0x7fc980e45190 .functor AND 1, v0x7fc980e3e470_0, L_0x7fc980e44e10, C4<1>, C4<1>;
L_0x7fc980e45020 .functor OR 1, L_0x7fc980e45120, L_0x7fc980e45190, C4<0>, C4<0>;
L_0x7fc980e453d0 .functor NOT 1, v0x7fc980e3e470_0, C4<0>, C4<0>, C4<0>;
L_0x7fc980e45320 .functor AND 1, L_0x7fc980e453d0, L_0x7fc980e45280, C4<1>, C4<1>;
L_0x7fc980e45640 .functor OR 1, v0x7fc980e3ddb0_0, L_0x7fc980e45320, C4<0>, C4<0>;
L_0x7fc980e45900 .functor AND 1, v0x7fc980e3e470_0, L_0x7fc980e45440, C4<1>, C4<1>;
L_0x7fc980e44c40 .functor OR 1, L_0x7fc980e45640, L_0x7fc980e45900, C4<0>, C4<0>;
L_0x7fc980e45730 .functor NOT 1, v0x7fc980e3e470_0, C4<0>, C4<0>, C4<0>;
L_0x7fc980e45c30 .functor AND 1, L_0x7fc980e45730, L_0x7fc980e457a0, C4<1>, C4<1>;
L_0x7fc980e45af0 .functor OR 1, v0x7fc980e3ddb0_0, L_0x7fc980e45c30, C4<0>, C4<0>;
L_0x7fc980e45ba0 .functor AND 1, v0x7fc980e3e470_0, L_0x7fc980e45e70, C4<1>, C4<1>;
L_0x7fc980e45d20 .functor OR 1, L_0x7fc980e45af0, L_0x7fc980e45ba0, C4<0>, C4<0>;
L_0x7fc980e45dd0 .functor NOT 1, v0x7fc980e3e470_0, C4<0>, C4<0>, C4<0>;
L_0x7fc980e461f0 .functor AND 1, L_0x7fc980e45dd0, L_0x7fc980e46150, C4<1>, C4<1>;
L_0x7fc980e46300 .functor OR 1, v0x7fc980e3ddb0_0, L_0x7fc980e461f0, C4<0>, C4<0>;
L_0x7fc980e46530 .functor AND 1, v0x7fc980e3e470_0, L_0x7fc980e45fe0, C4<1>, C4<1>;
L_0x7fc980e45f50 .functor OR 1, L_0x7fc980e46300, L_0x7fc980e46530, C4<0>, C4<0>;
L_0x7fc980e46910 .functor NOT 1, v0x7fc980e3e470_0, C4<0>, C4<0>, C4<0>;
L_0x7fc980e46a20 .functor AND 1, L_0x7fc980e46910, L_0x7fc980e46980, C4<1>, C4<1>;
L_0x7fc980e46680 .functor OR 1, v0x7fc980e3ddb0_0, L_0x7fc980e46a20, C4<0>, C4<0>;
L_0x7fc980e46cb0 .functor AND 1, v0x7fc980e3e470_0, L_0x7fc980e46730, C4<1>, C4<1>;
L_0x7fc980e46b10 .functor OR 1, L_0x7fc980e46680, L_0x7fc980e46cb0, C4<0>, C4<0>;
L_0x7fc980e46c40 .functor BUFZ 1, v0x7fc980e3e7c0_0, C4<0>, C4<0>, C4<0>;
v0x7fc980e15110_0 .net "AN", 3 0, L_0x7fc980e439b0;  1 drivers
o0x10cd41038 .functor BUFZ 4, C4<zzzz>; HiZ drive
v0x7fc980e3dd00_0 .net "Brank", 3 0, o0x10cd41038;  0 drivers
v0x7fc980e3ddb0_0 .var "Brankc", 0 0;
v0x7fc980e3de60_0 .net "C", 6 0, L_0x7fc980e463b0;  1 drivers
v0x7fc980e3df10_0 .net "C1K", 0 0, o0x10cd410c8;  0 drivers
v0x7fc980e3dff0_0 .var "Char", 6 0;
o0x10cd41128 .functor BUFZ 7, C4<zzzzzzz>; HiZ drive
v0x7fc980e3e0a0_0 .net "CharA", 6 0, o0x10cd41128;  0 drivers
o0x10cd41158 .functor BUFZ 7, C4<zzzzzzz>; HiZ drive
v0x7fc980e3e150_0 .net "CharB", 6 0, o0x10cd41158;  0 drivers
o0x10cd41188 .functor BUFZ 7, C4<zzzzzzz>; HiZ drive
v0x7fc980e3e200_0 .net "CharC", 6 0, o0x10cd41188;  0 drivers
o0x10cd411b8 .functor BUFZ 7, C4<zzzzzzz>; HiZ drive
v0x7fc980e3e310_0 .net "CharD", 6 0, o0x10cd411b8;  0 drivers
o0x10cd411e8 .functor BUFZ 4, C4<zzzz>; HiZ drive
v0x7fc980e3e3c0_0 .net "Cntrl", 3 0, o0x10cd411e8;  0 drivers
v0x7fc980e3e470_0 .var "Cont", 0 0;
v0x7fc980e3e510_0 .var "D3", 1 0;
v0x7fc980e3e5c0_0 .var "D4", 1 0;
o0x10cd412a8 .functor BUFZ 4, C4<zzzz>; HiZ drive
v0x7fc980e3e670_0 .net "DPI", 3 0, o0x10cd412a8;  0 drivers
v0x7fc980e3e720_0 .net "DPO", 0 0, L_0x7fc980e46c40;  1 drivers
v0x7fc980e3e7c0_0 .var "DPY", 0 0;
v0x7fc980e3e950_0 .net "DigA", 1 0, v0x7fc980e3eb20_0;  1 drivers
v0x7fc980e3e9e0_0 .net "DigE", 0 0, L_0x7fc980e429c0;  1 drivers
v0x7fc980e3ea70_0 .var "Q3", 1 0;
v0x7fc980e3eb20_0 .var "Q4", 1 0;
o0x10cd413f8 .functor BUFZ 1, C4<z>; HiZ drive
v0x7fc980e3ebd0_0 .net "RST", 0 0, o0x10cd413f8;  0 drivers
v0x7fc980e3ec70_0 .var "Val", 3 0;
o0x10cd41458 .functor BUFZ 4, C4<zzzz>; HiZ drive
v0x7fc980e3ed20_0 .net "ValA", 3 0, o0x10cd41458;  0 drivers
o0x10cd41488 .functor BUFZ 4, C4<zzzz>; HiZ drive
v0x7fc980e3edd0_0 .net "ValB", 3 0, o0x10cd41488;  0 drivers
o0x10cd414b8 .functor BUFZ 4, C4<zzzz>; HiZ drive
v0x7fc980e3ee80_0 .net "ValC", 3 0, o0x10cd414b8;  0 drivers
o0x10cd414e8 .functor BUFZ 4, C4<zzzz>; HiZ drive
v0x7fc980e3ef30_0 .net "ValD", 3 0, o0x10cd414e8;  0 drivers
v0x7fc980e3efe0_0 .net *"_s10", 0 0, L_0x7fc980e42880;  1 drivers
v0x7fc980e3f080_0 .net *"_s101", 0 0, L_0x7fc980e44cc0;  1 drivers
v0x7fc980e3f130_0 .net *"_s105", 0 0, L_0x7fc980e44ec0;  1 drivers
v0x7fc980e3f1e0_0 .net *"_s108", 0 0, L_0x7fc980e44ac0;  1 drivers
v0x7fc980e3f290_0 .net *"_s109", 0 0, L_0x7fc980e44f30;  1 drivers
v0x7fc980e3f340_0 .net *"_s111", 0 0, L_0x7fc980e45120;  1 drivers
v0x7fc980e3e870_0 .net *"_s114", 0 0, L_0x7fc980e44e10;  1 drivers
v0x7fc980e3f5d0_0 .net *"_s115", 0 0, L_0x7fc980e45190;  1 drivers
v0x7fc980e3f660_0 .net *"_s117", 0 0, L_0x7fc980e45020;  1 drivers
v0x7fc980e3f700_0 .net *"_s121", 0 0, L_0x7fc980e453d0;  1 drivers
v0x7fc980e3f7b0_0 .net *"_s124", 0 0, L_0x7fc980e45280;  1 drivers
v0x7fc980e3f860_0 .net *"_s125", 0 0, L_0x7fc980e45320;  1 drivers
v0x7fc980e3f910_0 .net *"_s127", 0 0, L_0x7fc980e45640;  1 drivers
v0x7fc980e3f9c0_0 .net *"_s130", 0 0, L_0x7fc980e45440;  1 drivers
v0x7fc980e3fa70_0 .net *"_s131", 0 0, L_0x7fc980e45900;  1 drivers
v0x7fc980e3fb20_0 .net *"_s133", 0 0, L_0x7fc980e44c40;  1 drivers
v0x7fc980e3fbd0_0 .net *"_s137", 0 0, L_0x7fc980e45730;  1 drivers
v0x7fc980e3fc80_0 .net *"_s140", 0 0, L_0x7fc980e457a0;  1 drivers
v0x7fc980e3fd30_0 .net *"_s141", 0 0, L_0x7fc980e45c30;  1 drivers
v0x7fc980e3fde0_0 .net *"_s143", 0 0, L_0x7fc980e45af0;  1 drivers
v0x7fc980e3fe90_0 .net *"_s146", 0 0, L_0x7fc980e45e70;  1 drivers
v0x7fc980e3ff40_0 .net *"_s147", 0 0, L_0x7fc980e45ba0;  1 drivers
v0x7fc980e3fff0_0 .net *"_s149", 0 0, L_0x7fc980e45d20;  1 drivers
v0x7fc980e400a0_0 .net *"_s153", 0 0, L_0x7fc980e45dd0;  1 drivers
v0x7fc980e40150_0 .net *"_s156", 0 0, L_0x7fc980e46150;  1 drivers
v0x7fc980e40200_0 .net *"_s157", 0 0, L_0x7fc980e461f0;  1 drivers
v0x7fc980e402b0_0 .net *"_s159", 0 0, L_0x7fc980e46300;  1 drivers
v0x7fc980e40360_0 .net *"_s162", 0 0, L_0x7fc980e45fe0;  1 drivers
v0x7fc980e40410_0 .net *"_s163", 0 0, L_0x7fc980e46530;  1 drivers
v0x7fc980e404c0_0 .net *"_s165", 0 0, L_0x7fc980e45f50;  1 drivers
v0x7fc980e40570_0 .net *"_s17", 0 0, L_0x7fc980e42ab0;  1 drivers
v0x7fc980e40620_0 .net *"_s170", 0 0, L_0x7fc980e46910;  1 drivers
v0x7fc980e406d0_0 .net *"_s173", 0 0, L_0x7fc980e46980;  1 drivers
v0x7fc980e40780_0 .net *"_s174", 0 0, L_0x7fc980e46a20;  1 drivers
v0x7fc980e40830_0 .net *"_s176", 0 0, L_0x7fc980e46680;  1 drivers
v0x7fc980e408e0_0 .net *"_s179", 0 0, L_0x7fc980e46730;  1 drivers
v0x7fc980e40990_0 .net *"_s180", 0 0, L_0x7fc980e46cb0;  1 drivers
v0x7fc980e40a40_0 .net *"_s182", 0 0, L_0x7fc980e46b10;  1 drivers
v0x7fc980e3f3f0_0 .net *"_s19", 0 0, L_0x7fc980e42b90;  1 drivers
L_0x10cd72008 .functor BUFT 1, C4<00>, C4<0>, C4<0>, C4<0>;
v0x7fc980e3f4a0_0 .net/2u *"_s2", 1 0, L_0x10cd72008;  1 drivers
v0x7fc980e40ad0_0 .net *"_s20", 0 0, L_0x7fc980e42c30;  1 drivers
v0x7fc980e40b60_0 .net *"_s22", 0 0, L_0x7fc980e42d60;  1 drivers
v0x7fc980e40bf0_0 .net *"_s24", 0 0, L_0x7fc980e42e40;  1 drivers
v0x7fc980e40c80_0 .net *"_s29", 0 0, L_0x7fc980e42f30;  1 drivers
v0x7fc980e40d10_0 .net *"_s31", 0 0, L_0x7fc980e43050;  1 drivers
v0x7fc980e40dc0_0 .net *"_s32", 0 0, L_0x7fc980e430f0;  1 drivers
v0x7fc980e40e70_0 .net *"_s34", 0 0, L_0x7fc980e431a0;  1 drivers
v0x7fc980e40f20_0 .net *"_s36", 0 0, L_0x7fc980e432b0;  1 drivers
v0x7fc980e40fd0_0 .net *"_s38", 0 0, L_0x7fc980e433b0;  1 drivers
v0x7fc980e41080_0 .net *"_s4", 0 0, L_0x7fc980e426b0;  1 drivers
v0x7fc980e41120_0 .net *"_s43", 0 0, L_0x7fc980e43420;  1 drivers
v0x7fc980e411d0_0 .net *"_s44", 0 0, L_0x7fc980e43500;  1 drivers
v0x7fc980e41280_0 .net *"_s47", 0 0, L_0x7fc980e43610;  1 drivers
v0x7fc980e41330_0 .net *"_s48", 0 0, L_0x7fc980e436b0;  1 drivers
v0x7fc980e413e0_0 .net *"_s50", 0 0, L_0x7fc980e437a0;  1 drivers
v0x7fc980e41490_0 .net *"_s52", 0 0, L_0x7fc980e438c0;  1 drivers
v0x7fc980e41540_0 .net *"_s58", 0 0, L_0x7fc980e43b20;  1 drivers
v0x7fc980e415f0_0 .net *"_s59", 0 0, L_0x7fc980e43cc0;  1 drivers
v0x7fc980e416a0_0 .net *"_s6", 0 0, L_0x7fc980e42790;  1 drivers
v0x7fc980e41750_0 .net *"_s62", 0 0, L_0x7fc980e43d30;  1 drivers
v0x7fc980e41800_0 .net *"_s63", 0 0, L_0x7fc980e43dd0;  1 drivers
v0x7fc980e418b0_0 .net *"_s65", 0 0, L_0x7fc980e43e40;  1 drivers
v0x7fc980e41960_0 .net *"_s67", 0 0, L_0x7fc980e43fe0;  1 drivers
v0x7fc980e41a10_0 .net *"_s69", 0 0, L_0x7fc980e44050;  1 drivers
v0x7fc980e41ac0_0 .net *"_s73", 0 0, L_0x7fc980e441a0;  1 drivers
v0x7fc980e41b70_0 .net *"_s76", 0 0, L_0x7fc980e44210;  1 drivers
v0x7fc980e41c20_0 .net *"_s77", 0 0, L_0x7fc980e43f70;  1 drivers
v0x7fc980e41cd0_0 .net *"_s79", 0 0, L_0x7fc980e44420;  1 drivers
L_0x10cd72050 .functor BUFT 1, C4<11>, C4<0>, C4<0>, C4<0>;
v0x7fc980e41d80_0 .net/2u *"_s8", 1 0, L_0x10cd72050;  1 drivers
v0x7fc980e41e30_0 .net *"_s82", 0 0, L_0x7fc980e44490;  1 drivers
v0x7fc980e41ee0_0 .net *"_s83", 0 0, L_0x7fc980e44530;  1 drivers
v0x7fc980e41f90_0 .net *"_s85", 0 0, L_0x7fc980e44700;  1 drivers
v0x7fc980e42040_0 .net *"_s89", 0 0, L_0x7fc980e44770;  1 drivers
v0x7fc980e420f0_0 .net *"_s92", 0 0, L_0x7fc980e448b0;  1 drivers
v0x7fc980e421a0_0 .net *"_s93", 0 0, L_0x7fc980e44680;  1 drivers
v0x7fc980e42250_0 .net *"_s95", 0 0, L_0x7fc980e449d0;  1 drivers
v0x7fc980e42300_0 .net *"_s98", 0 0, L_0x7fc980e44ba0;  1 drivers
v0x7fc980e423b0_0 .net *"_s99", 0 0, L_0x7fc980e43850;  1 drivers
v0x7fc980e42460_0 .var "seg", 6 0;
E_0x7fc980e03750 .event edge, v0x7fc980e3ec70_0;
E_0x7fc980e27760 .event edge, v0x7fc980e3e670_0, v0x7fc980e3e950_0;
E_0x7fc980e166a0 .event edge, v0x7fc980e3dd00_0, v0x7fc980e3e950_0;
E_0x7fc980e02a00 .event edge, v0x7fc980e3e3c0_0, v0x7fc980e3e950_0;
E_0x7fc980e00e80/0 .event edge, v0x7fc980e3e310_0, v0x7fc980e3e200_0, v0x7fc980e3e150_0, v0x7fc980e3e0a0_0;
E_0x7fc980e00e80/1 .event edge, v0x7fc980e3e950_0;
E_0x7fc980e00e80 .event/or E_0x7fc980e00e80/0, E_0x7fc980e00e80/1;
E_0x7fc980e04c10/0 .event edge, v0x7fc980e3ef30_0, v0x7fc980e3ee80_0, v0x7fc980e3edd0_0, v0x7fc980e3ed20_0;
E_0x7fc980e04c10/1 .event edge, v0x7fc980e3e950_0;
E_0x7fc980e04c10 .event/or E_0x7fc980e04c10/0, E_0x7fc980e04c10/1;
E_0x7fc980e01310/0 .event negedge, v0x7fc980e3ebd0_0;
E_0x7fc980e01310/1 .event posedge, v0x7fc980e3df10_0;
E_0x7fc980e01310 .event/or E_0x7fc980e01310/0, E_0x7fc980e01310/1;
E_0x7fc980e015f0 .event edge, v0x7fc980e3ea70_0, v0x7fc980e3eb20_0;
L_0x7fc980e426b0 .cmp/eq 2, v0x7fc980e3ea70_0, L_0x10cd72008;
L_0x7fc980e42880 .cmp/eq 2, v0x7fc980e3ea70_0, L_0x10cd72050;
L_0x7fc980e42ab0 .part v0x7fc980e3eb20_0, 1, 1;
L_0x7fc980e42b90 .part v0x7fc980e3eb20_0, 0, 1;
L_0x7fc980e42f30 .part v0x7fc980e3eb20_0, 1, 1;
L_0x7fc980e43050 .part v0x7fc980e3eb20_0, 0, 1;
L_0x7fc980e43420 .part v0x7fc980e3eb20_0, 1, 1;
L_0x7fc980e43610 .part v0x7fc980e3eb20_0, 0, 1;
L_0x7fc980e439b0 .concat8 [ 1 1 1 1], L_0x7fc980e44050, L_0x7fc980e438c0, L_0x7fc980e433b0, L_0x7fc980e42e40;
L_0x7fc980e43b20 .part v0x7fc980e3eb20_0, 1, 1;
L_0x7fc980e43d30 .part v0x7fc980e3eb20_0, 0, 1;
L_0x7fc980e44210 .part v0x7fc980e42460_0, 6, 1;
L_0x7fc980e44490 .part v0x7fc980e3dff0_0, 6, 1;
L_0x7fc980e448b0 .part v0x7fc980e42460_0, 5, 1;
L_0x7fc980e44ba0 .part v0x7fc980e3dff0_0, 5, 1;
L_0x7fc980e44ac0 .part v0x7fc980e42460_0, 4, 1;
L_0x7fc980e44e10 .part v0x7fc980e3dff0_0, 4, 1;
L_0x7fc980e45280 .part v0x7fc980e42460_0, 3, 1;
L_0x7fc980e45440 .part v0x7fc980e3dff0_0, 3, 1;
L_0x7fc980e457a0 .part v0x7fc980e42460_0, 2, 1;
L_0x7fc980e45e70 .part v0x7fc980e3dff0_0, 2, 1;
L_0x7fc980e46150 .part v0x7fc980e42460_0, 1, 1;
L_0x7fc980e45fe0 .part v0x7fc980e3dff0_0, 1, 1;
LS_0x7fc980e463b0_0_0 .concat8 [ 1 1 1 1], L_0x7fc980e46b10, L_0x7fc980e45f50, L_0x7fc980e45d20, L_0x7fc980e44c40;
LS_0x7fc980e463b0_0_4 .concat8 [ 1 1 1 0], L_0x7fc980e45020, L_0x7fc980e44cc0, L_0x7fc980e44700;
L_0x7fc980e463b0 .concat8 [ 4 3 0 0], LS_0x7fc980e463b0_0_0, LS_0x7fc980e463b0_0_4;
L_0x7fc980e46980 .part v0x7fc980e42460_0, 0, 1;
L_0x7fc980e46730 .part v0x7fc980e3dff0_0, 0, 1;
    .scope S_0x7fc980e00a60;
T_0 ;
    %wait E_0x7fc980e015f0;
    %pushi/vec4 2, 0, 2;
    %load/vec4 v0x7fc980e3ea70_0;
    %cmp/u;
    %flag_or 5, 4;
    %jmp/0xz  T_0.0, 5;
    %load/vec4 v0x7fc980e3eb20_0;
    %subi 1, 0, 2;
    %pushi/vec4 3, 0, 2;
    %and;
    %store/vec4 v0x7fc980e3e5c0_0, 0, 2;
    %pushi/vec4 0, 0, 2;
    %store/vec4 v0x7fc980e3e510_0, 0, 2;
    %jmp T_0.1;
T_0.0 ;
    %load/vec4 v0x7fc980e3eb20_0;
    %store/vec4 v0x7fc980e3e5c0_0, 0, 2;
    %load/vec4 v0x7fc980e3ea70_0;
    %addi 1, 0, 2;
    %store/vec4 v0x7fc980e3e510_0, 0, 2;
T_0.1 ;
    %jmp T_0;
    .thread T_0, $push;
    .scope S_0x7fc980e00a60;
T_1 ;
    %wait E_0x7fc980e01310;
    %load/vec4 v0x7fc980e3ebd0_0;
    %pad/u 32;
    %cmpi/e 0, 0, 32;
    %jmp/0xz  T_1.0, 4;
    %pushi/vec4 3, 0, 2;
    %store/vec4 v0x7fc980e3eb20_0, 0, 2;
    %pushi/vec4 3, 0, 2;
    %store/vec4 v0x7fc980e3ea70_0, 0, 2;
    %jmp T_1.1;
T_1.0 ;
    %load/vec4 v0x7fc980e3e5c0_0;
    %store/vec4 v0x7fc980e3eb20_0, 0, 2;
    %load/vec4 v0x7fc980e3e510_0;
    %store/vec4 v0x7fc980e3ea70_0, 0, 2;
T_1.1 ;
    %jmp T_1;
    .thread T_1;
    .scope S_0x7fc980e00a60;
T_2 ;
    %wait E_0x7fc980e04c10;
    %load/vec4 v0x7fc980e3e950_0;
    %dup/vec4;
    %pushi/vec4 3, 0, 2;
    %cmp/u;
    %jmp/1 T_2.0, 6;
    %dup/vec4;
    %pushi/vec4 2, 0, 2;
    %cmp/u;
    %jmp/1 T_2.1, 6;
    %dup/vec4;
    %pushi/vec4 1, 0, 2;
    %cmp/u;
    %jmp/1 T_2.2, 6;
    %load/vec4 v0x7fc980e3ef30_0;
    %store/vec4 v0x7fc980e3ec70_0, 0, 4;
    %jmp T_2.4;
T_2.0 ;
    %load/vec4 v0x7fc980e3ed20_0;
    %store/vec4 v0x7fc980e3ec70_0, 0, 4;
    %jmp T_2.4;
T_2.1 ;
    %load/vec4 v0x7fc980e3edd0_0;
    %store/vec4 v0x7fc980e3ec70_0, 0, 4;
    %jmp T_2.4;
T_2.2 ;
    %load/vec4 v0x7fc980e3ee80_0;
    %store/vec4 v0x7fc980e3ec70_0, 0, 4;
    %jmp T_2.4;
T_2.4 ;
    %pop/vec4 1;
    %jmp T_2;
    .thread T_2, $push;
    .scope S_0x7fc980e00a60;
T_3 ;
    %wait E_0x7fc980e00e80;
    %load/vec4 v0x7fc980e3e950_0;
    %dup/vec4;
    %pushi/vec4 3, 0, 2;
    %cmp/u;
    %jmp/1 T_3.0, 6;
    %dup/vec4;
    %pushi/vec4 2, 0, 2;
    %cmp/u;
    %jmp/1 T_3.1, 6;
    %dup/vec4;
    %pushi/vec4 1, 0, 2;
    %cmp/u;
    %jmp/1 T_3.2, 6;
    %load/vec4 v0x7fc980e3e310_0;
    %store/vec4 v0x7fc980e3dff0_0, 0, 7;
    %jmp T_3.4;
T_3.0 ;
    %load/vec4 v0x7fc980e3e0a0_0;
    %store/vec4 v0x7fc980e3dff0_0, 0, 7;
    %jmp T_3.4;
T_3.1 ;
    %load/vec4 v0x7fc980e3e150_0;
    %store/vec4 v0x7fc980e3dff0_0, 0, 7;
    %jmp T_3.4;
T_3.2 ;
    %load/vec4 v0x7fc980e3e200_0;
    %store/vec4 v0x7fc980e3dff0_0, 0, 7;
    %jmp T_3.4;
T_3.4 ;
    %pop/vec4 1;
    %jmp T_3;
    .thread T_3, $push;
    .scope S_0x7fc980e00a60;
T_4 ;
    %wait E_0x7fc980e02a00;
    %load/vec4 v0x7fc980e3e950_0;
    %dup/vec4;
    %pushi/vec4 3, 0, 2;
    %cmp/u;
    %jmp/1 T_4.0, 6;
    %dup/vec4;
    %pushi/vec4 2, 0, 2;
    %cmp/u;
    %jmp/1 T_4.1, 6;
    %dup/vec4;
    %pushi/vec4 1, 0, 2;
    %cmp/u;
    %jmp/1 T_4.2, 6;
    %load/vec4 v0x7fc980e3e3c0_0;
    %parti/s 1, 0, 2;
    %store/vec4 v0x7fc980e3e470_0, 0, 1;
    %jmp T_4.4;
T_4.0 ;
    %load/vec4 v0x7fc980e3e3c0_0;
    %parti/s 1, 3, 3;
    %store/vec4 v0x7fc980e3e470_0, 0, 1;
    %jmp T_4.4;
T_4.1 ;
    %load/vec4 v0x7fc980e3e3c0_0;
    %parti/s 1, 2, 3;
    %store/vec4 v0x7fc980e3e470_0, 0, 1;
    %jmp T_4.4;
T_4.2 ;
    %load/vec4 v0x7fc980e3e3c0_0;
    %parti/s 1, 1, 2;
    %store/vec4 v0x7fc980e3e470_0, 0, 1;
    %jmp T_4.4;
T_4.4 ;
    %pop/vec4 1;
    %jmp T_4;
    .thread T_4, $push;
    .scope S_0x7fc980e00a60;
T_5 ;
    %wait E_0x7fc980e166a0;
    %load/vec4 v0x7fc980e3e950_0;
    %dup/vec4;
    %pushi/vec4 3, 0, 2;
    %cmp/u;
    %jmp/1 T_5.0, 6;
    %dup/vec4;
    %pushi/vec4 2, 0, 2;
    %cmp/u;
    %jmp/1 T_5.1, 6;
    %dup/vec4;
    %pushi/vec4 1, 0, 2;
    %cmp/u;
    %jmp/1 T_5.2, 6;
    %load/vec4 v0x7fc980e3dd00_0;
    %parti/s 1, 0, 2;
    %store/vec4 v0x7fc980e3ddb0_0, 0, 1;
    %jmp T_5.4;
T_5.0 ;
    %load/vec4 v0x7fc980e3dd00_0;
    %parti/s 1, 3, 3;
    %store/vec4 v0x7fc980e3ddb0_0, 0, 1;
    %jmp T_5.4;
T_5.1 ;
    %load/vec4 v0x7fc980e3dd00_0;
    %parti/s 1, 2, 3;
    %store/vec4 v0x7fc980e3ddb0_0, 0, 1;
    %jmp T_5.4;
T_5.2 ;
    %load/vec4 v0x7fc980e3dd00_0;
    %parti/s 1, 1, 2;
    %store/vec4 v0x7fc980e3ddb0_0, 0, 1;
    %jmp T_5.4;
T_5.4 ;
    %pop/vec4 1;
    %jmp T_5;
    .thread T_5, $push;
    .scope S_0x7fc980e00a60;
T_6 ;
    %wait E_0x7fc980e27760;
    %load/vec4 v0x7fc980e3e950_0;
    %dup/vec4;
    %pushi/vec4 3, 0, 2;
    %cmp/u;
    %jmp/1 T_6.0, 6;
    %dup/vec4;
    %pushi/vec4 2, 0, 2;
    %cmp/u;
    %jmp/1 T_6.1, 6;
    %dup/vec4;
    %pushi/vec4 1, 0, 2;
    %cmp/u;
    %jmp/1 T_6.2, 6;
    %load/vec4 v0x7fc980e3e670_0;
    %parti/s 1, 0, 2;
    %store/vec4 v0x7fc980e3e7c0_0, 0, 1;
    %jmp T_6.4;
T_6.0 ;
    %load/vec4 v0x7fc980e3e670_0;
    %parti/s 1, 3, 3;
    %store/vec4 v0x7fc980e3e7c0_0, 0, 1;
    %jmp T_6.4;
T_6.1 ;
    %load/vec4 v0x7fc980e3e670_0;
    %parti/s 1, 2, 3;
    %store/vec4 v0x7fc980e3e7c0_0, 0, 1;
    %jmp T_6.4;
T_6.2 ;
    %load/vec4 v0x7fc980e3e670_0;
    %parti/s 1, 1, 2;
    %store/vec4 v0x7fc980e3e7c0_0, 0, 1;
    %jmp T_6.4;
T_6.4 ;
    %pop/vec4 1;
    %jmp T_6;
    .thread T_6, $push;
    .scope S_0x7fc980e00a60;
T_7 ;
    %wait E_0x7fc980e03750;
    %load/vec4 v0x7fc980e3ec70_0;
    %dup/vec4;
    %pushi/vec4 0, 0, 4;
    %cmp/u;
    %jmp/1 T_7.0, 6;
    %dup/vec4;
    %pushi/vec4 1, 0, 4;
    %cmp/u;
    %jmp/1 T_7.1, 6;
    %dup/vec4;
    %pushi/vec4 2, 0, 4;
    %cmp/u;
    %jmp/1 T_7.2, 6;
    %dup/vec4;
    %pushi/vec4 3, 0, 4;
    %cmp/u;
    %jmp/1 T_7.3, 6;
    %dup/vec4;
    %pushi/vec4 4, 0, 4;
    %cmp/u;
    %jmp/1 T_7.4, 6;
    %dup/vec4;
    %pushi/vec4 5, 0, 4;
    %cmp/u;
    %jmp/1 T_7.5, 6;
    %dup/vec4;
    %pushi/vec4 6, 0, 4;
    %cmp/u;
    %jmp/1 T_7.6, 6;
    %dup/vec4;
    %pushi/vec4 7, 0, 4;
    %cmp/u;
    %jmp/1 T_7.7, 6;
    %dup/vec4;
    %pushi/vec4 8, 0, 4;
    %cmp/u;
    %jmp/1 T_7.8, 6;
    %dup/vec4;
    %pushi/vec4 9, 0, 4;
    %cmp/u;
    %jmp/1 T_7.9, 6;
    %dup/vec4;
    %pushi/vec4 10, 0, 4;
    %cmp/u;
    %jmp/1 T_7.10, 6;
    %dup/vec4;
    %pushi/vec4 11, 0, 4;
    %cmp/u;
    %jmp/1 T_7.11, 6;
    %dup/vec4;
    %pushi/vec4 12, 0, 4;
    %cmp/u;
    %jmp/1 T_7.12, 6;
    %dup/vec4;
    %pushi/vec4 13, 0, 4;
    %cmp/u;
    %jmp/1 T_7.13, 6;
    %dup/vec4;
    %pushi/vec4 14, 0, 4;
    %cmp/u;
    %jmp/1 T_7.14, 6;
    %pushi/vec4 56, 0, 7;
    %store/vec4 v0x7fc980e42460_0, 0, 7;
    %jmp T_7.16;
T_7.0 ;
    %pushi/vec4 1, 0, 7;
    %store/vec4 v0x7fc980e42460_0, 0, 7;
    %jmp T_7.16;
T_7.1 ;
    %pushi/vec4 79, 0, 7;
    %store/vec4 v0x7fc980e42460_0, 0, 7;
    %jmp T_7.16;
T_7.2 ;
    %pushi/vec4 18, 0, 7;
    %store/vec4 v0x7fc980e42460_0, 0, 7;
    %jmp T_7.16;
T_7.3 ;
    %pushi/vec4 6, 0, 7;
    %store/vec4 v0x7fc980e42460_0, 0, 7;
    %jmp T_7.16;
T_7.4 ;
    %pushi/vec4 76, 0, 7;
    %store/vec4 v0x7fc980e42460_0, 0, 7;
    %jmp T_7.16;
T_7.5 ;
    %pushi/vec4 36, 0, 7;
    %store/vec4 v0x7fc980e42460_0, 0, 7;
    %jmp T_7.16;
T_7.6 ;
    %pushi/vec4 32, 0, 7;
    %store/vec4 v0x7fc980e42460_0, 0, 7;
    %jmp T_7.16;
T_7.7 ;
    %pushi/vec4 15, 0, 7;
    %store/vec4 v0x7fc980e42460_0, 0, 7;
    %jmp T_7.16;
T_7.8 ;
    %pushi/vec4 0, 0, 7;
    %store/vec4 v0x7fc980e42460_0, 0, 7;
    %jmp T_7.16;
T_7.9 ;
    %pushi/vec4 4, 0, 7;
    %store/vec4 v0x7fc980e42460_0, 0, 7;
    %jmp T_7.16;
T_7.10 ;
    %pushi/vec4 8, 0, 7;
    %store/vec4 v0x7fc980e42460_0, 0, 7;
    %jmp T_7.16;
T_7.11 ;
    %pushi/vec4 96, 0, 7;
    %store/vec4 v0x7fc980e42460_0, 0, 7;
    %jmp T_7.16;
T_7.12 ;
    %pushi/vec4 114, 0, 7;
    %store/vec4 v0x7fc980e42460_0, 0, 7;
    %jmp T_7.16;
T_7.13 ;
    %pushi/vec4 66, 0, 7;
    %store/vec4 v0x7fc980e42460_0, 0, 7;
    %jmp T_7.16;
T_7.14 ;
    %pushi/vec4 48, 0, 7;
    %store/vec4 v0x7fc980e42460_0, 0, 7;
    %jmp T_7.16;
T_7.16 ;
    %pop/vec4 1;
    %jmp T_7;
    .thread T_7, $push;
# The file index is used to find the file name in the following table.
:file_names 3;
    "N/A";
    "<interactive>";
    "/Users/koki/workspace/tus/verilog/DigitalCircuit2/libs/LEDConv4DC.v";
